nohup: ignoring input
Using /tmp/torch_extensions as PyTorch extensions root...
Detected CUDA files, patching ldflags
Emitting ninja build file /tmp/torch_extensions/matrix_op_cuda/build.ninja...
Building extension module matrix_op_cuda...
1.9.0.git.kitware.dyndep-1.jobserver-1
2020-05-08 10:54:09,581 - INFO - server 启动...
2020-05-08 10:54:09,581 - INFO - 等待 clients 注册...
2020-05-08 10:54:30,153 - INFO - Bob 注册成功
2020-05-08 10:54:45,424 - INFO - Alan 注册成功
2020-05-08 10:55:11,852 - INFO - John 注册成功
2020-05-08 10:55:11,852 - INFO - clients 注册完毕！
2020-05-08 10:55:11,852 - INFO - ***** current epoch is 0 *****
2020-05-08 10:55:13,854 - INFO - 向 clients 发送模型...
2020-05-08 10:55:14,765 - INFO - 向 clients 发送模型完毕！
2020-05-08 10:55:14,765 - INFO - 等待 clients 发送模型...
2020-05-08 10:55:15,028 - INFO - 接收 model_Param_Bob_v0.pth 成功
2020-05-08 10:55:15,291 - INFO - 接收 model_Param_Alan_v0.pth 成功
2020-05-08 10:55:15,554 - INFO - 接收 model_Param_John_v0.pth 成功
2020-05-08 10:55:15,555 - INFO - 接收 clients 模型完毕！
2020-05-08 10:55:19,776 - INFO - ***** current epoch is 1 *****
2020-05-08 10:55:21,778 - INFO - 向 clients 发送模型...
2020-05-08 10:55:22,758 - INFO - 向 clients 发送模型完毕！
2020-05-08 10:55:22,758 - INFO - 等待 clients 发送模型...
2020-05-08 10:58:03,806 - INFO - 接收 model_Param_Alan_v1.pth 成功
2020-05-08 11:00:22,795 - INFO - 接收 model_Param_John_v1.pth 成功
2020-05-08 11:00:47,796 - INFO - 接收 model_Param_Bob_v1.pth 成功
2020-05-08 11:00:47,796 - INFO - 接收 clients 模型完毕！
2020-05-08 11:00:49,975 - INFO - ***** current epoch is 2 *****
2020-05-08 11:00:51,978 - INFO - 向 clients 发送模型...
2020-05-08 11:00:52,761 - INFO - 向 clients 发送模型完毕！
2020-05-08 11:00:52,761 - INFO - 等待 clients 发送模型...
2020-05-08 11:03:37,395 - INFO - 接收 model_Param_Alan_v2.pth 成功
2020-05-08 11:05:45,505 - INFO - 接收 model_Param_John_v2.pth 成功
2020-05-08 11:06:09,968 - INFO - 接收 model_Param_Bob_v2.pth 成功
2020-05-08 11:06:09,969 - INFO - 接收 clients 模型完毕！
2020-05-08 11:06:12,128 - INFO - ***** current epoch is 3 *****
2020-05-08 11:06:14,131 - INFO - 向 clients 发送模型...
2020-05-08 11:06:14,986 - INFO - 向 clients 发送模型完毕！
2020-05-08 11:06:14,986 - INFO - 等待 clients 发送模型...
2020-05-08 11:09:09,883 - INFO - 接收 model_Param_Alan_v3.pth 成功
2020-05-08 11:11:22,279 - INFO - 接收 model_Param_John_v3.pth 成功
2020-05-08 11:12:03,204 - INFO - 接收 model_Param_Bob_v3.pth 成功
2020-05-08 11:12:03,204 - INFO - 接收 clients 模型完毕！
2020-05-08 11:12:05,361 - INFO - ***** current epoch is 4 *****
2020-05-08 11:12:07,364 - INFO - 向 clients 发送模型...
2020-05-08 11:12:08,161 - INFO - 向 clients 发送模型完毕！
2020-05-08 11:12:08,162 - INFO - 等待 clients 发送模型...
2020-05-08 11:14:56,290 - INFO - 接收 model_Param_Alan_v4.pth 成功
2020-05-08 11:17:30,565 - INFO - 接收 model_Param_John_v4.pth 成功
2020-05-08 11:17:37,204 - INFO - 接收 model_Param_Bob_v4.pth 成功
2020-05-08 11:17:37,204 - INFO - 接收 clients 模型完毕！
2020-05-08 11:17:39,362 - INFO - ***** current epoch is 5 *****
2020-05-08 11:17:41,365 - INFO - 向 clients 发送模型...
2020-05-08 11:17:42,232 - INFO - 向 clients 发送模型完毕！
2020-05-08 11:17:42,233 - INFO - 等待 clients 发送模型...
2020-05-08 11:20:08,566 - INFO - 接收 model_Param_Alan_v5.pth 成功
2020-05-08 11:22:46,889 - INFO - 接收 model_Param_John_v5.pth 成功
2020-05-08 11:23:18,439 - INFO - 接收 model_Param_Bob_v5.pth 成功
2020-05-08 11:23:18,439 - INFO - 接收 clients 模型完毕！
2020-05-08 11:23:20,601 - INFO - ***** current epoch is 6 *****
2020-05-08 11:23:22,605 - INFO - 向 clients 发送模型...
2020-05-08 11:23:23,394 - INFO - 向 clients 发送模型完毕！
2020-05-08 11:23:23,394 - INFO - 等待 clients 发送模型...
2020-05-08 11:26:21,583 - INFO - 接收 model_Param_Alan_v6.pth 成功
2020-05-08 11:28:28,264 - INFO - 接收 model_Param_John_v6.pth 成功
2020-05-08 11:28:33,478 - INFO - 接收 model_Param_Bob_v6.pth 成功
2020-05-08 11:28:33,478 - INFO - 接收 clients 模型完毕！
2020-05-08 11:28:35,613 - INFO - ***** current epoch is 7 *****
2020-05-08 11:28:37,616 - INFO - 向 clients 发送模型...
2020-05-08 11:28:38,482 - INFO - 向 clients 发送模型完毕！
2020-05-08 11:28:38,482 - INFO - 等待 clients 发送模型...
2020-05-08 11:31:13,567 - INFO - 接收 model_Param_Alan_v7.pth 成功
2020-05-08 11:33:27,137 - INFO - 接收 model_Param_John_v7.pth 成功
2020-05-08 11:34:16,834 - INFO - 接收 model_Param_Bob_v7.pth 成功
2020-05-08 11:34:16,834 - INFO - 接收 clients 模型完毕！
2020-05-08 11:34:18,971 - INFO - ***** current epoch is 8 *****
2020-05-08 11:34:20,974 - INFO - 向 clients 发送模型...
2020-05-08 11:34:21,911 - INFO - 向 clients 发送模型完毕！
2020-05-08 11:34:21,911 - INFO - 等待 clients 发送模型...
2020-05-08 11:37:11,249 - INFO - 接收 model_Param_Alan_v8.pth 成功
2020-05-08 11:39:23,609 - INFO - 接收 model_Param_John_v8.pth 成功
2020-05-08 11:39:54,456 - INFO - 接收 model_Param_Bob_v8.pth 成功
2020-05-08 11:39:54,456 - INFO - 接收 clients 模型完毕！
2020-05-08 11:39:56,593 - INFO - ***** current epoch is 9 *****
2020-05-08 11:39:58,595 - INFO - 向 clients 发送模型...
2020-05-08 11:39:59,492 - INFO - 向 clients 发送模型完毕！
2020-05-08 11:39:59,492 - INFO - 等待 clients 发送模型...
2020-05-08 11:42:43,799 - INFO - 接收 model_Param_Alan_v9.pth 成功
2020-05-08 11:44:42,002 - INFO - 接收 model_Param_John_v9.pth 成功
2020-05-08 11:45:36,752 - INFO - 接收 model_Param_Bob_v9.pth 成功
2020-05-08 11:45:36,753 - INFO - 接收 clients 模型完毕！
2020-05-08 11:45:38,890 - INFO - ***** current epoch is 10 *****
2020-05-08 11:45:40,893 - INFO - 向 clients 发送模型...
2020-05-08 11:45:41,770 - INFO - 向 clients 发送模型完毕！
2020-05-08 11:45:41,770 - INFO - 等待 clients 发送模型...
2020-05-08 11:48:29,726 - INFO - 接收 model_Param_Alan_v10.pth 成功
2020-05-08 11:51:01,821 - INFO - 接收 model_Param_John_v10.pth 成功
2020-05-08 11:51:06,822 - INFO - 接收 model_Param_Bob_v10.pth 成功
2020-05-08 11:51:06,822 - INFO - 接收 clients 模型完毕！
2020-05-08 11:51:08,960 - INFO - ***** current epoch is 11 *****
2020-05-08 11:51:10,964 - INFO - 向 clients 发送模型...
2020-05-08 11:51:11,833 - INFO - 向 clients 发送模型完毕！
2020-05-08 11:51:11,833 - INFO - 等待 clients 发送模型...
2020-05-08 11:53:46,613 - INFO - 接收 model_Param_Alan_v11.pth 成功
2020-05-08 11:55:58,477 - INFO - 接收 model_Param_John_v11.pth 成功
2020-05-08 11:56:30,658 - INFO - 接收 model_Param_Bob_v11.pth 成功
2020-05-08 11:56:30,659 - INFO - 接收 clients 模型完毕！
2020-05-08 11:56:32,799 - INFO - ***** current epoch is 12 *****
2020-05-08 11:56:34,802 - INFO - 向 clients 发送模型...
2020-05-08 11:56:35,587 - INFO - 向 clients 发送模型完毕！
2020-05-08 11:56:35,587 - INFO - 等待 clients 发送模型...
2020-05-08 11:59:04,298 - INFO - 接收 model_Param_Alan_v12.pth 成功
2020-05-08 12:01:32,238 - INFO - 接收 model_Param_John_v12.pth 成功
2020-05-08 12:02:06,162 - INFO - 接收 model_Param_Bob_v12.pth 成功
2020-05-08 12:02:06,162 - INFO - 接收 clients 模型完毕！
2020-05-08 12:02:08,300 - INFO - ***** current epoch is 13 *****
2020-05-08 12:02:10,304 - INFO - 向 clients 发送模型...
2020-05-08 12:02:11,090 - INFO - 向 clients 发送模型完毕！
2020-05-08 12:02:11,090 - INFO - 等待 clients 发送模型...
2020-05-08 12:05:05,606 - INFO - 接收 model_Param_Alan_v13.pth 成功
2020-05-08 12:06:53,950 - INFO - 接收 model_Param_John_v13.pth 成功
2020-05-08 12:07:35,220 - INFO - 接收 model_Param_Bob_v13.pth 成功
2020-05-08 12:07:35,220 - INFO - 接收 clients 模型完毕！
2020-05-08 12:07:37,360 - INFO - ***** current epoch is 14 *****
2020-05-08 12:07:39,362 - INFO - 向 clients 发送模型...
2020-05-08 12:07:40,206 - INFO - 向 clients 发送模型完毕！
2020-05-08 12:07:40,206 - INFO - 等待 clients 发送模型...
2020-05-08 12:10:15,639 - INFO - 接收 model_Param_Alan_v14.pth 成功
2020-05-08 12:12:32,467 - INFO - 接收 model_Param_John_v14.pth 成功
2020-05-08 12:12:58,855 - INFO - 接收 model_Param_Bob_v14.pth 成功
2020-05-08 12:12:58,855 - INFO - 接收 clients 模型完毕！
2020-05-08 12:13:00,996 - INFO - ***** current epoch is 15 *****
2020-05-08 12:13:02,998 - INFO - 向 clients 发送模型...
2020-05-08 12:13:03,771 - INFO - 向 clients 发送模型完毕！
2020-05-08 12:13:03,771 - INFO - 等待 clients 发送模型...
2020-05-08 12:15:47,304 - INFO - 接收 model_Param_Alan_v15.pth 成功
2020-05-08 12:17:50,042 - INFO - 接收 model_Param_John_v15.pth 成功
2020-05-08 12:18:41,425 - INFO - 接收 model_Param_Bob_v15.pth 成功
2020-05-08 12:18:41,425 - INFO - 接收 clients 模型完毕！
2020-05-08 12:18:43,560 - INFO - ***** current epoch is 16 *****
2020-05-08 12:18:45,563 - INFO - 向 clients 发送模型...
2020-05-08 12:18:46,431 - INFO - 向 clients 发送模型完毕！
2020-05-08 12:18:46,431 - INFO - 等待 clients 发送模型...
2020-05-08 12:21:23,479 - INFO - 接收 model_Param_Alan_v16.pth 成功
2020-05-08 12:23:52,681 - INFO - 接收 model_Param_John_v16.pth 成功
2020-05-08 12:24:25,239 - INFO - 接收 model_Param_Bob_v16.pth 成功
2020-05-08 12:24:25,239 - INFO - 接收 clients 模型完毕！
2020-05-08 12:24:27,379 - INFO - ***** current epoch is 17 *****
2020-05-08 12:24:29,381 - INFO - 向 clients 发送模型...
2020-05-08 12:24:30,259 - INFO - 向 clients 发送模型完毕！
2020-05-08 12:24:30,259 - INFO - 等待 clients 发送模型...
2020-05-08 12:27:20,517 - INFO - 接收 model_Param_Alan_v17.pth 成功
2020-05-08 12:29:15,283 - INFO - 接收 model_Param_John_v17.pth 成功
2020-05-08 12:30:09,653 - INFO - 接收 model_Param_Bob_v17.pth 成功
2020-05-08 12:30:09,653 - INFO - 接收 clients 模型完毕！
2020-05-08 12:30:11,792 - INFO - ***** current epoch is 18 *****
2020-05-08 12:30:13,796 - INFO - 向 clients 发送模型...
2020-05-08 12:30:14,668 - INFO - 向 clients 发送模型完毕！
2020-05-08 12:30:14,669 - INFO - 等待 clients 发送模型...
2020-05-08 12:33:07,947 - INFO - 接收 model_Param_Alan_v18.pth 成功
2020-05-08 12:35:19,910 - INFO - 接收 model_Param_John_v18.pth 成功
2020-05-08 12:35:51,482 - INFO - 接收 model_Param_Bob_v18.pth 成功
2020-05-08 12:35:51,482 - INFO - 接收 clients 模型完毕！
2020-05-08 12:35:53,625 - INFO - ***** current epoch is 19 *****
2020-05-08 12:35:55,627 - INFO - 向 clients 发送模型...
2020-05-08 12:35:56,458 - INFO - 向 clients 发送模型完毕！
2020-05-08 12:35:56,458 - INFO - 等待 clients 发送模型...
2020-05-08 12:38:53,953 - INFO - 接收 model_Param_Alan_v19.pth 成功
2020-05-08 12:40:46,354 - INFO - 接收 model_Param_John_v19.pth 成功
2020-05-08 12:41:00,184 - INFO - 接收 model_Param_Bob_v19.pth 成功
2020-05-08 12:41:00,184 - INFO - 接收 clients 模型完毕！
2020-05-08 12:41:02,324 - INFO - ***** current epoch is 20 *****
2020-05-08 12:41:04,326 - INFO - 向 clients 发送模型...
2020-05-08 12:41:05,195 - INFO - 向 clients 发送模型完毕！
2020-05-08 12:41:05,196 - INFO - 等待 clients 发送模型...
2020-05-08 12:43:47,060 - INFO - 接收 model_Param_Alan_v20.pth 成功
2020-05-08 12:45:53,562 - INFO - 接收 model_Param_John_v20.pth 成功
2020-05-08 12:46:05,170 - INFO - 接收 model_Param_Bob_v20.pth 成功
2020-05-08 12:46:05,171 - INFO - 接收 clients 模型完毕！
2020-05-08 12:46:07,308 - INFO - ***** current epoch is 21 *****
2020-05-08 12:46:09,310 - INFO - 向 clients 发送模型...
2020-05-08 12:46:10,173 - INFO - 向 clients 发送模型完毕！
2020-05-08 12:46:10,173 - INFO - 等待 clients 发送模型...
2020-05-08 12:48:52,358 - INFO - 接收 model_Param_Alan_v21.pth 成功
2020-05-08 12:51:08,423 - INFO - 接收 model_Param_John_v21.pth 成功
2020-05-08 12:51:19,785 - INFO - 接收 model_Param_Bob_v21.pth 成功
2020-05-08 12:51:19,785 - INFO - 接收 clients 模型完毕！
2020-05-08 12:51:21,927 - INFO - ***** current epoch is 22 *****
2020-05-08 12:51:23,929 - INFO - 向 clients 发送模型...
2020-05-08 12:51:24,755 - INFO - 向 clients 发送模型完毕！
2020-05-08 12:51:24,755 - INFO - 等待 clients 发送模型...
2020-05-08 12:54:26,168 - INFO - 接收 model_Param_Alan_v22.pth 成功
2020-05-08 12:56:12,234 - INFO - 接收 model_Param_John_v22.pth 成功
2020-05-08 12:56:45,036 - INFO - 接收 model_Param_Bob_v22.pth 成功
2020-05-08 12:56:45,036 - INFO - 接收 clients 模型完毕！
2020-05-08 12:56:47,181 - INFO - ***** current epoch is 23 *****
2020-05-08 12:56:49,184 - INFO - 向 clients 发送模型...
2020-05-08 12:56:50,049 - INFO - 向 clients 发送模型完毕！
2020-05-08 12:56:50,049 - INFO - 等待 clients 发送模型...
2020-05-08 12:59:19,022 - INFO - 接收 model_Param_Alan_v23.pth 成功
2020-05-08 13:01:31,142 - INFO - 接收 model_Param_John_v23.pth 成功
2020-05-08 13:02:30,273 - INFO - 接收 model_Param_Bob_v23.pth 成功
2020-05-08 13:02:30,274 - INFO - 接收 clients 模型完毕！
Loading extension module matrix_op_cuda...
model path:./model/merge_model/initial.pth will be sent
*** aggregation begin ***
in func, client-X model_weight: 31
in func, client-X model_weight: 53
in func, client-X model_weight: 110
length of dict: 118
weight sum: 110
client num is 3
packed model param saved at: ./model/merge_model/merge_model_Param_v1.pth
all .pth files removed
model path:./model/merge_model/merge_model_Param_v1.pth will be sent
*** aggregation begin ***
in func, client-X model_weight: 31
in func, client-X model_weight: 88
in func, client-X model_weight: 110
length of dict: 118
weight sum: 110
client num is 3
packed model param saved at: ./model/merge_model/merge_model_Param_v2.pth
all .pth files removed
model path:./model/merge_model/merge_model_Param_v2.pth will be sent
*** aggregation begin ***
in func, client-X model_weight: 31
in func, client-X model_weight: 88
in func, client-X model_weight: 110
length of dict: 118
weight sum: 110
client num is 3
packed model param saved at: ./model/merge_model/merge_model_Param_v3.pth
all .pth files removed
model path:./model/merge_model/merge_model_Param_v3.pth will be sent
*** aggregation begin ***
in func, client-X model_weight: 57
in func, client-X model_weight: 79
in func, client-X model_weight: 110
length of dict: 118
weight sum: 110
client num is 3
packed model param saved at: ./model/merge_model/merge_model_Param_v4.pth
all .pth files removed
model path:./model/merge_model/merge_model_Param_v4.pth will be sent
*** aggregation begin ***
in func, client-X model_weight: 31
in func, client-X model_weight: 88
in func, client-X model_weight: 110
length of dict: 118
weight sum: 110
client num is 3
packed model param saved at: ./model/merge_model/merge_model_Param_v5.pth
all .pth files removed
model path:./model/merge_model/merge_model_Param_v5.pth will be sent
*** aggregation begin ***
in func, client-X model_weight: 57
in func, client-X model_weight: 79
in func, client-X model_weight: 110
length of dict: 118
weight sum: 110
client num is 3
packed model param saved at: ./model/merge_model/merge_model_Param_v6.pth
all .pth files removed
model path:./model/merge_model/merge_model_Param_v6.pth will be sent
*** aggregation begin ***
in func, client-X model_weight: 22
in func, client-X model_weight: 79
in func, client-X model_weight: 110
length of dict: 118
weight sum: 110
client num is 3
packed model param saved at: ./model/merge_model/merge_model_Param_v7.pth
all .pth files removed
model path:./model/merge_model/merge_model_Param_v7.pth will be sent
*** aggregation begin ***
in func, client-X model_weight: 22
in func, client-X model_weight: 79
in func, client-X model_weight: 110
length of dict: 118
weight sum: 110
client num is 3
packed model param saved at: ./model/merge_model/merge_model_Param_v8.pth
all .pth files removed
model path:./model/merge_model/merge_model_Param_v8.pth will be sent
*** aggregation begin ***
in func, client-X model_weight: 31
in func, client-X model_weight: 88
in func, client-X model_weight: 110
length of dict: 118
weight sum: 110
client num is 3
packed model param saved at: ./model/merge_model/merge_model_Param_v9.pth
all .pth files removed
model path:./model/merge_model/merge_model_Param_v9.pth will be sent
*** aggregation begin ***
in func, client-X model_weight: 22
in func, client-X model_weight: 53
in func, client-X model_weight: 110
length of dict: 118
weight sum: 110
client num is 3
packed model param saved at: ./model/merge_model/merge_model_Param_v10.pth
all .pth files removed
model path:./model/merge_model/merge_model_Param_v10.pth will be sent
*** aggregation begin ***
in func, client-X model_weight: 57
in func, client-X model_weight: 79
in func, client-X model_weight: 110
length of dict: 118
weight sum: 110
client num is 3
packed model param saved at: ./model/merge_model/merge_model_Param_v11.pth
all .pth files removed
model path:./model/merge_model/merge_model_Param_v11.pth will be sent
*** aggregation begin ***
in func, client-X model_weight: 22
in func, client-X model_weight: 53
in func, client-X model_weight: 110
length of dict: 118
weight sum: 110
client num is 3
packed model param saved at: ./model/merge_model/merge_model_Param_v12.pth
all .pth files removed
model path:./model/merge_model/merge_model_Param_v12.pth will be sent
*** aggregation begin ***
in func, client-X model_weight: 31
in func, client-X model_weight: 53
in func, client-X model_weight: 110
length of dict: 118
weight sum: 110
client num is 3
packed model param saved at: ./model/merge_model/merge_model_Param_v13.pth
all .pth files removed
model path:./model/merge_model/merge_model_Param_v13.pth will be sent
*** aggregation begin ***
in func, client-X model_weight: 31
in func, client-X model_weight: 53
in func, client-X model_weight: 110
length of dict: 118
weight sum: 110
client num is 3
packed model param saved at: ./model/merge_model/merge_model_Param_v14.pth
all .pth files removed
model path:./model/merge_model/merge_model_Param_v14.pth will be sent
*** aggregation begin ***
in func, client-X model_weight: 57
in func, client-X model_weight: 79
in func, client-X model_weight: 110
length of dict: 118
weight sum: 110
client num is 3
packed model param saved at: ./model/merge_model/merge_model_Param_v15.pth
all .pth files removed
model path:./model/merge_model/merge_model_Param_v15.pth will be sent
*** aggregation begin ***
in func, client-X model_weight: 22
in func, client-X model_weight: 79
in func, client-X model_weight: 110
length of dict: 118
weight sum: 110
client num is 3
packed model param saved at: ./model/merge_model/merge_model_Param_v16.pth
all .pth files removed
model path:./model/merge_model/merge_model_Param_v16.pth will be sent
*** aggregation begin ***
in func, client-X model_weight: 57
in func, client-X model_weight: 88
in func, client-X model_weight: 110
length of dict: 118
weight sum: 110
client num is 3
packed model param saved at: ./model/merge_model/merge_model_Param_v17.pth
all .pth files removed
model path:./model/merge_model/merge_model_Param_v17.pth will be sent
*** aggregation begin ***
in func, client-X model_weight: 22
in func, client-X model_weight: 53
in func, client-X model_weight: 110
length of dict: 118
weight sum: 110
client num is 3
packed model param saved at: ./model/merge_model/merge_model_Param_v18.pth
all .pth files removed
model path:./model/merge_model/merge_model_Param_v18.pth will be sent
*** aggregation begin ***
in func, client-X model_weight: 22
in func, client-X model_weight: 53
in func, client-X model_weight: 110
length of dict: 118
weight sum: 110
client num is 3
packed model param saved at: ./model/merge_model/merge_model_Param_v19.pth
all .pth files removed
model path:./model/merge_model/merge_model_Param_v19.pth will be sent
*** aggregation begin ***
in func, client-X model_weight: 22
in func, client-X model_weight: 79
in func, client-X model_weight: 110
length of dict: 118
weight sum: 110
client num is 3
packed model param saved at: ./model/merge_model/merge_model_Param_v20.pth
all .pth files removed
model path:./model/merge_model/merge_model_Param_v20.pth will be sent
*** aggregation begin ***
in func, client-X model_weight: 57
in func, client-X model_weight: 79
in func, client-X model_weight: 110
length of dict: 118
weight sum: 110
client num is 3
packed model param saved at: ./model/merge_model/merge_model_Param_v21.pth
all .pth files removed
model path:./model/merge_model/merge_model_Param_v21.pth will be sent
*** aggregation begin ***
in func, client-X model_weight: 31
in func, client-X model_weight: 88
in func, client-X model_weight: 110
length of dict: 118
weight sum: 110
client num is 3
packed model param saved at: ./model/merge_model/merge_model_Param_v22.pth
all .pth files removed
model path:./model/merge_model/merge_model_Param_v22.pth will be sent
*** aggregation begin ***
in func, client-X model_weight: 22
in func, client-X model_weight: 79
in func, client-X model_weight: 110
length of dict: 118
weight sum: 110
client num is 3
packed model param saved at: ./model/merge_model/merge_model_Param_v23.pth
all .pth files removed
model path:./model/merge_model/merge_model_Param_v23.pth will be sent
*** aggregation begin ***2020-05-08 13:02:32,415 - INFO - ***** current epoch is 24 *****
2020-05-08 13:02:34,418 - INFO - 向 clients 发送模型...
2020-05-08 13:02:35,263 - INFO - 向 clients 发送模型完毕！
2020-05-08 13:02:35,264 - INFO - 等待 clients 发送模型...
2020-05-08 13:05:05,746 - INFO - 接收 model_Param_Alan_v24.pth 成功
2020-05-08 13:07:33,043 - INFO - 接收 model_Param_John_v24.pth 成功
2020-05-08 13:07:39,345 - INFO - 接收 model_Param_Bob_v24.pth 成功
2020-05-08 13:07:39,345 - INFO - 接收 clients 模型完毕！
2020-05-08 13:07:41,486 - INFO - ***** current epoch is 25 *****
2020-05-08 13:07:43,489 - INFO - 向 clients 发送模型...
2020-05-08 13:07:44,301 - INFO - 向 clients 发送模型完毕！
2020-05-08 13:07:44,301 - INFO - 等待 clients 发送模型...
2020-05-08 13:10:42,307 - INFO - 接收 model_Param_Alan_v25.pth 成功
2020-05-08 13:12:32,289 - INFO - 接收 model_Param_John_v25.pth 成功
2020-05-08 13:13:09,355 - INFO - 接收 model_Param_Bob_v25.pth 成功
2020-05-08 13:13:09,356 - INFO - 接收 clients 模型完毕！
2020-05-08 13:13:11,496 - INFO - ***** current epoch is 26 *****
2020-05-08 13:13:13,500 - INFO - 向 clients 发送模型...
2020-05-08 13:13:14,366 - INFO - 向 clients 发送模型完毕！
2020-05-08 13:13:14,366 - INFO - 等待 clients 发送模型...
2020-05-08 13:15:56,672 - INFO - 接收 model_Param_Alan_v26.pth 成功
2020-05-08 13:17:56,651 - INFO - 接收 model_Param_John_v26.pth 成功
2020-05-08 13:18:32,687 - INFO - 接收 model_Param_Bob_v26.pth 成功
2020-05-08 13:18:32,687 - INFO - 接收 clients 模型完毕！
2020-05-08 13:18:34,823 - INFO - ***** current epoch is 27 *****
2020-05-08 13:18:36,827 - INFO - 向 clients 发送模型...
2020-05-08 13:18:37,697 - INFO - 向 clients 发送模型完毕！
2020-05-08 13:18:37,697 - INFO - 等待 clients 发送模型...
2020-05-08 13:21:22,934 - INFO - 接收 model_Param_Alan_v27.pth 成功
2020-05-08 13:23:23,886 - INFO - 接收 model_Param_John_v27.pth 成功
2020-05-08 13:24:03,473 - INFO - 接收 model_Param_Bob_v27.pth 成功
2020-05-08 13:24:03,473 - INFO - 接收 clients 模型完毕！
2020-05-08 13:24:05,612 - INFO - ***** current epoch is 28 *****
2020-05-08 13:24:07,615 - INFO - 向 clients 发送模型...
2020-05-08 13:24:08,408 - INFO - 向 clients 发送模型完毕！
2020-05-08 13:24:08,408 - INFO - 等待 clients 发送模型...
2020-05-08 13:27:00,711 - INFO - 接收 model_Param_Alan_v28.pth 成功
2020-05-08 13:28:54,723 - INFO - 接收 model_Param_John_v28.pth 成功
2020-05-08 13:29:47,824 - INFO - 接收 model_Param_Bob_v28.pth 成功
2020-05-08 13:29:47,824 - INFO - 接收 clients 模型完毕！
2020-05-08 13:29:49,963 - INFO - ***** current epoch is 29 *****
2020-05-08 13:29:51,965 - INFO - 向 clients 发送模型...
2020-05-08 13:29:52,804 - INFO - 向 clients 发送模型完毕！
2020-05-08 13:29:52,804 - INFO - 等待 clients 发送模型...
2020-05-08 13:32:31,381 - INFO - 接收 model_Param_Alan_v29.pth 成功
2020-05-08 13:34:45,021 - INFO - 接收 model_Param_John_v29.pth 成功
2020-05-08 13:35:08,635 - INFO - 接收 model_Param_Bob_v29.pth 成功
2020-05-08 13:35:08,635 - INFO - 接收 clients 模型完毕！
2020-05-08 13:35:10,785 - INFO - ***** current epoch is 30 *****
2020-05-08 13:35:12,788 - INFO - 向 clients 发送模型...
2020-05-08 13:35:13,663 - INFO - 向 clients 发送模型完毕！
2020-05-08 13:35:13,663 - INFO - 等待 clients 发送模型...
2020-05-08 13:37:59,157 - INFO - 接收 model_Param_Alan_v30.pth 成功
2020-05-08 13:40:19,424 - INFO - 接收 model_Param_John_v30.pth 成功
2020-05-08 13:40:29,597 - INFO - 接收 model_Param_Bob_v30.pth 成功
2020-05-08 13:40:29,597 - INFO - 接收 clients 模型完毕！
2020-05-08 13:40:31,738 - INFO - ***** current epoch is 31 *****
2020-05-08 13:40:33,741 - INFO - 向 clients 发送模型...
2020-05-08 13:40:34,629 - INFO - 向 clients 发送模型完毕！
2020-05-08 13:40:34,629 - INFO - 等待 clients 发送模型...
2020-05-08 13:43:07,929 - INFO - 接收 model_Param_Alan_v31.pth 成功
2020-05-08 13:45:31,020 - INFO - 接收 model_Param_John_v31.pth 成功
2020-05-08 13:46:03,620 - INFO - 接收 model_Param_Bob_v31.pth 成功
2020-05-08 13:46:03,620 - INFO - 接收 clients 模型完毕！
2020-05-08 13:46:05,763 - INFO - ***** current epoch is 32 *****
2020-05-08 13:46:07,766 - INFO - 向 clients 发送模型...
2020-05-08 13:46:08,622 - INFO - 向 clients 发送模型完毕！
2020-05-08 13:46:08,622 - INFO - 等待 clients 发送模型...
2020-05-08 13:49:11,969 - INFO - 接收 model_Param_Alan_v32.pth 成功
2020-05-08 13:51:11,703 - INFO - 接收 model_Param_John_v32.pth 成功
2020-05-08 13:51:24,989 - INFO - 接收 model_Param_Bob_v32.pth 成功
2020-05-08 13:51:24,989 - INFO - 接收 clients 模型完毕！
2020-05-08 13:51:27,127 - INFO - ***** current epoch is 33 *****
2020-05-08 13:51:29,129 - INFO - 向 clients 发送模型...
2020-05-08 13:51:29,997 - INFO - 向 clients 发送模型完毕！
2020-05-08 13:51:29,998 - INFO - 等待 clients 发送模型...
2020-05-08 13:54:16,225 - INFO - 接收 model_Param_Alan_v33.pth 成功
2020-05-08 13:56:18,238 - INFO - 接收 model_Param_John_v33.pth 成功
2020-05-08 13:56:55,228 - INFO - 接收 model_Param_Bob_v33.pth 成功
2020-05-08 13:56:55,228 - INFO - 接收 clients 模型完毕！
2020-05-08 13:56:57,369 - INFO - ***** current epoch is 34 *****
2020-05-08 13:56:59,371 - INFO - 向 clients 发送模型...
2020-05-08 13:57:00,181 - INFO - 向 clients 发送模型完毕！
2020-05-08 13:57:00,182 - INFO - 等待 clients 发送模型...
2020-05-08 13:59:57,759 - INFO - 接收 model_Param_Alan_v34.pth 成功
2020-05-08 14:01:55,012 - INFO - 接收 model_Param_John_v34.pth 成功
2020-05-08 14:02:41,747 - INFO - 接收 model_Param_Bob_v34.pth 成功
2020-05-08 14:02:41,747 - INFO - 接收 clients 模型完毕！
2020-05-08 14:02:43,885 - INFO - ***** current epoch is 35 *****
2020-05-08 14:02:45,889 - INFO - 向 clients 发送模型...
2020-05-08 14:02:46,767 - INFO - 向 clients 发送模型完毕！
2020-05-08 14:02:46,767 - INFO - 等待 clients 发送模型...
2020-05-08 14:05:32,474 - INFO - 接收 model_Param_Alan_v35.pth 成功
2020-05-08 14:07:18,677 - INFO - 接收 model_Param_John_v35.pth 成功
2020-05-08 14:08:38,473 - INFO - 接收 model_Param_Bob_v35.pth 成功
2020-05-08 14:08:38,473 - INFO - 接收 clients 模型完毕！
2020-05-08 14:08:40,613 - INFO - ***** current epoch is 36 *****
2020-05-08 14:08:42,616 - INFO - 向 clients 发送模型...
2020-05-08 14:08:43,513 - INFO - 向 clients 发送模型完毕！
2020-05-08 14:08:43,513 - INFO - 等待 clients 发送模型...
2020-05-08 14:11:18,292 - INFO - 接收 model_Param_Alan_v36.pth 成功
2020-05-08 14:13:22,256 - INFO - 接收 model_Param_John_v36.pth 成功
2020-05-08 14:13:56,423 - INFO - 接收 model_Param_Bob_v36.pth 成功
2020-05-08 14:13:56,423 - INFO - 接收 clients 模型完毕！
2020-05-08 14:13:58,611 - INFO - ***** current epoch is 37 *****
2020-05-08 14:14:00,613 - INFO - 向 clients 发送模型...
2020-05-08 14:14:01,492 - INFO - 向 clients 发送模型完毕！
2020-05-08 14:14:01,492 - INFO - 等待 clients 发送模型...
2020-05-08 14:16:52,288 - INFO - 接收 model_Param_Alan_v37.pth 成功
2020-05-08 14:18:42,628 - INFO - 接收 model_Param_John_v37.pth 成功
2020-05-08 14:19:19,976 - INFO - 接收 model_Param_Bob_v37.pth 成功
2020-05-08 14:19:19,977 - INFO - 接收 clients 模型完毕！
2020-05-08 14:19:22,116 - INFO - ***** current epoch is 38 *****
2020-05-08 14:19:24,118 - INFO - 向 clients 发送模型...
2020-05-08 14:19:24,968 - INFO - 向 clients 发送模型完毕！
2020-05-08 14:19:24,968 - INFO - 等待 clients 发送模型...
2020-05-08 14:21:56,281 - INFO - 接收 model_Param_Alan_v38.pth 成功
2020-05-08 14:24:37,304 - INFO - 接收 model_Param_John_v38.pth 成功
2020-05-08 14:24:38,972 - INFO - 接收 model_Param_Bob_v38.pth 成功
2020-05-08 14:24:38,972 - INFO - 接收 clients 模型完毕！
2020-05-08 14:24:41,114 - INFO - ***** current epoch is 39 *****
2020-05-08 14:24:43,116 - INFO - 向 clients 发送模型...
2020-05-08 14:24:43,971 - INFO - 向 clients 发送模型完毕！
2020-05-08 14:24:43,972 - INFO - 等待 clients 发送模型...
2020-05-08 14:27:40,118 - INFO - 接收 model_Param_Alan_v39.pth 成功
2020-05-08 14:29:27,893 - INFO - 接收 model_Param_John_v39.pth 成功
2020-05-08 14:30:28,931 - INFO - 接收 model_Param_Bob_v39.pth 成功
2020-05-08 14:30:28,932 - INFO - 接收 clients 模型完毕！
2020-05-08 14:30:31,068 - INFO - ***** current epoch is 40 *****
2020-05-08 14:30:33,072 - INFO - 向 clients 发送模型...
2020-05-08 14:30:33,943 - INFO - 向 clients 发送模型完毕！
2020-05-08 14:30:33,943 - INFO - 等待 clients 发送模型...
2020-05-08 14:33:11,263 - INFO - 接收 model_Param_Alan_v40.pth 成功
2020-05-08 14:35:25,009 - INFO - 接收 model_Param_John_v40.pth 成功
2020-05-08 14:36:13,622 - INFO - 接收 model_Param_Bob_v40.pth 成功
2020-05-08 14:36:13,622 - INFO - 接收 clients 模型完毕！
2020-05-08 14:36:15,760 - INFO - ***** current epoch is 41 *****
2020-05-08 14:36:17,762 - INFO - 向 clients 发送模型...
2020-05-08 14:36:18,641 - INFO - 向 clients 发送模型完毕！
2020-05-08 14:36:18,641 - INFO - 等待 clients 发送模型...
2020-05-08 14:39:21,078 - INFO - 接收 model_Param_Alan_v41.pth 成功
2020-05-08 14:41:08,309 - INFO - 接收 model_Param_John_v41.pth 成功
2020-05-08 14:41:40,204 - INFO - 接收 model_Param_Bob_v41.pth 成功
2020-05-08 14:41:40,204 - INFO - 接收 clients 模型完毕！
2020-05-08 14:41:42,360 - INFO - ***** current epoch is 42 *****
2020-05-08 14:41:44,362 - INFO - 向 clients 发送模型...
2020-05-08 14:41:45,230 - INFO - 向 clients 发送模型完毕！
2020-05-08 14:41:45,230 - INFO - 等待 clients 发送模型...
2020-05-08 14:44:30,164 - INFO - 接收 model_Param_Alan_v42.pth 成功
2020-05-08 14:46:49,642 - INFO - 接收 model_Param_John_v42.pth 成功
2020-05-08 14:47:03,175 - INFO - 接收 model_Param_Bob_v42.pth 成功
2020-05-08 14:47:03,175 - INFO - 接收 clients 模型完毕！
2020-05-08 14:47:05,313 - INFO - ***** current epoch is 43 *****
2020-05-08 14:47:07,315 - INFO - 向 clients 发送模型...
2020-05-08 14:47:08,138 - INFO - 向 clients 发送模型完毕！
2020-05-08 14:47:08,138 - INFO - 等待 clients 发送模型...
2020-05-08 14:49:43,655 - INFO - 接收 model_Param_Alan_v43.pth 成功
2020-05-08 14:51:53,037 - INFO - 接收 model_Param_John_v43.pth 成功
2020-05-08 14:52:50,870 - INFO - 接收 model_Param_Bob_v43.pth 成功
2020-05-08 14:52:50,871 - INFO - 接收 clients 模型完毕！
2020-05-08 14:52:53,010 - INFO - ***** current epoch is 44 *****
2020-05-08 14:52:55,013 - INFO - 向 clients 发送模型...
2020-05-08 14:52:55,850 - INFO - 向 clients 发送模型完毕！
2020-05-08 14:52:55,851 - INFO - 等待 clients 发送模型...
2020-05-08 14:55:32,519 - INFO - 接收 model_Param_Alan_v44.pth 成功
2020-05-08 14:57:47,021 - INFO - 接收 model_Param_John_v44.pth 成功
2020-05-08 14:58:25,654 - INFO - 接收 model_Param_Bob_v44.pth 成功
2020-05-08 14:58:25,654 - INFO - 接收 clients 模型完毕！
2020-05-08 14:58:27,793 - INFO - ***** current epoch is 45 *****
2020-05-08 14:58:29,796 - INFO - 向 clients 发送模型...
2020-05-08 14:58:30,712 - INFO - 向 clients 发送模型完毕！
2020-05-08 14:58:30,713 - INFO - 等待 clients 发送模型...
2020-05-08 15:01:13,703 - INFO - 接收 model_Param_Alan_v45.pth 成功
2020-05-08 15:03:09,224 - INFO - 接收 model_Param_John_v45.pth 成功
2020-05-08 15:04:20,879 - INFO - 接收 model_Param_Bob_v45.pth 成功
2020-05-08 15:04:20,879 - INFO - 接收 clients 模型完毕！
2020-05-08 15:04:23,029 - INFO - ***** current epoch is 46 *****
2020-05-08 15:04:25,033 - INFO - 向 clients 发送模型...
2020-05-08 15:04:25,927 - INFO - 向 clients 发送模型完毕！
2020-05-08 15:04:25,927 - INFO - 等待 clients 发送模型...
2020-05-08 15:07:09,909 - INFO - 接收 model_Param_Alan_v46.pth 成功
2020-05-08 15:09:28,071 - INFO - 接收 model_Param_John_v46.pth 成功
2020-05-08 15:09:49,725 - INFO - 接收 model_Param_Bob_v46.pth 成功
2020-05-08 15:09:49,725 - INFO - 接收 clients 模型完毕！

in func, client-X model_weight: 22
in func, client-X model_weight: 53
in func, client-X model_weight: 110
length of dict: 118
weight sum: 110
client num is 3
packed model param saved at: ./model/merge_model/merge_model_Param_v24.pth
all .pth files removed
model path:./model/merge_model/merge_model_Param_v24.pth will be sent
*** aggregation begin ***
in func, client-X model_weight: 57
in func, client-X model_weight: 88
in func, client-X model_weight: 110
length of dict: 118
weight sum: 110
client num is 3
packed model param saved at: ./model/merge_model/merge_model_Param_v25.pth
all .pth files removed
model path:./model/merge_model/merge_model_Param_v25.pth will be sent
*** aggregation begin ***
in func, client-X model_weight: 57
in func, client-X model_weight: 88
in func, client-X model_weight: 110
length of dict: 118
weight sum: 110
client num is 3
packed model param saved at: ./model/merge_model/merge_model_Param_v26.pth
all .pth files removed
model path:./model/merge_model/merge_model_Param_v26.pth will be sent
*** aggregation begin ***
in func, client-X model_weight: 22
in func, client-X model_weight: 53
in func, client-X model_weight: 110
length of dict: 118
weight sum: 110
client num is 3
packed model param saved at: ./model/merge_model/merge_model_Param_v27.pth
all .pth files removed
model path:./model/merge_model/merge_model_Param_v27.pth will be sent
*** aggregation begin ***
in func, client-X model_weight: 22
in func, client-X model_weight: 79
in func, client-X model_weight: 110
length of dict: 118
weight sum: 110
client num is 3
packed model param saved at: ./model/merge_model/merge_model_Param_v28.pth
all .pth files removed
model path:./model/merge_model/merge_model_Param_v28.pth will be sent
*** aggregation begin ***
in func, client-X model_weight: 31
in func, client-X model_weight: 53
in func, client-X model_weight: 110
length of dict: 118
weight sum: 110
client num is 3
packed model param saved at: ./model/merge_model/merge_model_Param_v29.pth
all .pth files removed
model path:./model/merge_model/merge_model_Param_v29.pth will be sent
*** aggregation begin ***
in func, client-X model_weight: 57
in func, client-X model_weight: 88
in func, client-X model_weight: 110
length of dict: 118
weight sum: 110
client num is 3
packed model param saved at: ./model/merge_model/merge_model_Param_v30.pth
all .pth files removed
model path:./model/merge_model/merge_model_Param_v30.pth will be sent
*** aggregation begin ***
in func, client-X model_weight: 31
in func, client-X model_weight: 88
in func, client-X model_weight: 110
length of dict: 118
weight sum: 110
client num is 3
packed model param saved at: ./model/merge_model/merge_model_Param_v31.pth
all .pth files removed
model path:./model/merge_model/merge_model_Param_v31.pth will be sent
*** aggregation begin ***
in func, client-X model_weight: 57
in func, client-X model_weight: 88
in func, client-X model_weight: 110
length of dict: 118
weight sum: 110
client num is 3
packed model param saved at: ./model/merge_model/merge_model_Param_v32.pth
all .pth files removed
model path:./model/merge_model/merge_model_Param_v32.pth will be sent
*** aggregation begin ***
in func, client-X model_weight: 31
in func, client-X model_weight: 88
in func, client-X model_weight: 110
length of dict: 118
weight sum: 110
client num is 3
packed model param saved at: ./model/merge_model/merge_model_Param_v33.pth
all .pth files removed
model path:./model/merge_model/merge_model_Param_v33.pth will be sent
*** aggregation begin ***
in func, client-X model_weight: 57
in func, client-X model_weight: 79
in func, client-X model_weight: 110
length of dict: 118
weight sum: 110
client num is 3
packed model param saved at: ./model/merge_model/merge_model_Param_v34.pth
all .pth files removed
model path:./model/merge_model/merge_model_Param_v34.pth will be sent
*** aggregation begin ***
in func, client-X model_weight: 57
in func, client-X model_weight: 88
in func, client-X model_weight: 110
length of dict: 118
weight sum: 110
client num is 3
packed model param saved at: ./model/merge_model/merge_model_Param_v35.pth
all .pth files removed
model path:./model/merge_model/merge_model_Param_v35.pth will be sent
*** aggregation begin ***
in func, client-X model_weight: 31
in func, client-X model_weight: 88
in func, client-X model_weight: 110
length of dict: 118
weight sum: 110
client num is 3
packed model param saved at: ./model/merge_model/merge_model_Param_v36.pth
all .pth files removed
model path:./model/merge_model/merge_model_Param_v36.pth will be sent
*** aggregation begin ***
in func, client-X model_weight: 31
in func, client-X model_weight: 88
in func, client-X model_weight: 110
length of dict: 118
weight sum: 110
client num is 3
packed model param saved at: ./model/merge_model/merge_model_Param_v37.pth
all .pth files removed
model path:./model/merge_model/merge_model_Param_v37.pth will be sent
*** aggregation begin ***
in func, client-X model_weight: 22
in func, client-X model_weight: 79
in func, client-X model_weight: 110
length of dict: 118
weight sum: 110
client num is 3
packed model param saved at: ./model/merge_model/merge_model_Param_v38.pth
all .pth files removed
model path:./model/merge_model/merge_model_Param_v38.pth will be sent
*** aggregation begin ***
in func, client-X model_weight: 57
in func, client-X model_weight: 88
in func, client-X model_weight: 110
length of dict: 118
weight sum: 110
client num is 3
packed model param saved at: ./model/merge_model/merge_model_Param_v39.pth
all .pth files removed
model path:./model/merge_model/merge_model_Param_v39.pth will be sent
*** aggregation begin ***
in func, client-X model_weight: 31
in func, client-X model_weight: 88
in func, client-X model_weight: 110
length of dict: 118
weight sum: 110
client num is 3
packed model param saved at: ./model/merge_model/merge_model_Param_v40.pth
all .pth files removed
model path:./model/merge_model/merge_model_Param_v40.pth will be sent
*** aggregation begin ***
in func, client-X model_weight: 22
in func, client-X model_weight: 79
in func, client-X model_weight: 110
length of dict: 118
weight sum: 110
client num is 3
packed model param saved at: ./model/merge_model/merge_model_Param_v41.pth
all .pth files removed
model path:./model/merge_model/merge_model_Param_v41.pth will be sent
*** aggregation begin ***
in func, client-X model_weight: 57
in func, client-X model_weight: 79
in func, client-X model_weight: 110
length of dict: 118
weight sum: 110
client num is 3
packed model param saved at: ./model/merge_model/merge_model_Param_v42.pth
all .pth files removed
model path:./model/merge_model/merge_model_Param_v42.pth will be sent
*** aggregation begin ***
in func, client-X model_weight: 57
in func, client-X model_weight: 79
in func, client-X model_weight: 110
length of dict: 118
weight sum: 110
client num is 3
packed model param saved at: ./model/merge_model/merge_model_Param_v43.pth
all .pth files removed
model path:./model/merge_model/merge_model_Param_v43.pth will be sent
*** aggregation begin ***
in func, client-X model_weight: 22
in func, client-X model_weight: 79
in func, client-X model_weight: 110
length of dict: 118
weight sum: 110
client num is 3
packed model param saved at: ./model/merge_model/merge_model_Param_v44.pth
all .pth files removed
model path:./model/merge_model/merge_model_Param_v44.pth will be sent
*** aggregation begin ***
in func, client-X model_weight: 57
in func, client-X model_weight: 79
in func, client-X model_weight: 110
length of dict: 118
weight sum: 110
client num is 3
packed model param saved at: ./model/merge_model/merge_model_Param_v45.pth
all .pth files removed
model path:./model/merge_model/merge_model_Param_v45.pth will be sent
*** aggregation begin ***
in func, client-X model_weight: 57
in func, client-X model_weight: 88
in func, client-X model_weight: 110
length of dict: 118
weight sum: 110
client num is 3
packed model param saved at: ./model/merge_model/merge_model_Param_v46.pth
all .pth files removed
model path:./model/merge_model/merge_model_Param_v46.pth will be sent
*** aggregation begin ***
in func, client-X model_weight: 22
in func, client-X model_weight: 79
in func, client-X model_weight:2020-05-08 15:09:51,865 - INFO - ***** current epoch is 47 *****
2020-05-08 15:09:53,868 - INFO - 向 clients 发送模型...
2020-05-08 15:09:54,724 - INFO - 向 clients 发送模型完毕！
2020-05-08 15:09:54,724 - INFO - 等待 clients 发送模型...
2020-05-08 15:12:29,258 - INFO - 接收 model_Param_Alan_v47.pth 成功
2020-05-08 15:14:48,285 - INFO - 接收 model_Param_John_v47.pth 成功
2020-05-08 15:15:08,377 - INFO - 接收 model_Param_Bob_v47.pth 成功
2020-05-08 15:15:08,378 - INFO - 接收 clients 模型完毕！
2020-05-08 15:15:10,518 - INFO - ***** current epoch is 48 *****
2020-05-08 15:15:12,521 - INFO - 向 clients 发送模型...
2020-05-08 15:15:13,387 - INFO - 向 clients 发送模型完毕！
2020-05-08 15:15:13,387 - INFO - 等待 clients 发送模型...
2020-05-08 15:17:57,469 - INFO - 接收 model_Param_Alan_v48.pth 成功
2020-05-08 15:19:53,556 - INFO - 接收 model_Param_John_v48.pth 成功
2020-05-08 15:20:35,018 - INFO - 接收 model_Param_Bob_v48.pth 成功
2020-05-08 15:20:35,018 - INFO - 接收 clients 模型完毕！
2020-05-08 15:20:37,205 - INFO - ***** current epoch is 49 *****
2020-05-08 15:20:39,208 - INFO - 向 clients 发送模型...
2020-05-08 15:20:40,173 - INFO - 向 clients 发送模型完毕！
2020-05-08 15:20:40,173 - INFO - 等待 clients 发送模型...
2020-05-08 15:23:25,204 - INFO - 接收 model_Param_Alan_v49.pth 成功
2020-05-08 15:25:15,242 - INFO - 接收 model_Param_John_v49.pth 成功
2020-05-08 15:26:22,818 - INFO - 接收 model_Param_Bob_v49.pth 成功
2020-05-08 15:26:22,818 - INFO - 接收 clients 模型完毕！
2020-05-08 15:26:24,959 - INFO - ***** current epoch is 50 *****
2020-05-08 15:26:26,961 - INFO - 向 clients 发送模型...
2020-05-08 15:26:27,867 - INFO - 向 clients 发送模型完毕！
2020-05-08 15:26:27,867 - INFO - 等待 clients 发送模型...
2020-05-08 15:29:33,334 - INFO - 接收 model_Param_Alan_v50.pth 成功
2020-05-08 15:31:08,332 - INFO - 接收 model_Param_John_v50.pth 成功
2020-05-08 15:31:34,245 - INFO - 接收 model_Param_Bob_v50.pth 成功
2020-05-08 15:31:34,245 - INFO - 接收 clients 模型完毕！
2020-05-08 15:31:36,385 - INFO - ***** current epoch is 51 *****
2020-05-08 15:31:38,388 - INFO - 向 clients 发送模型...
2020-05-08 15:31:39,161 - INFO - 向 clients 发送模型完毕！
2020-05-08 15:31:39,162 - INFO - 等待 clients 发送模型...
2020-05-08 15:34:17,597 - INFO - 接收 model_Param_Alan_v51.pth 成功
2020-05-08 15:36:30,153 - INFO - 接收 model_Param_John_v51.pth 成功
2020-05-08 15:37:05,623 - INFO - 接收 model_Param_Bob_v51.pth 成功
2020-05-08 15:37:05,623 - INFO - 接收 clients 模型完毕！
2020-05-08 15:37:07,760 - INFO - ***** current epoch is 52 *****
2020-05-08 15:37:09,762 - INFO - 向 clients 发送模型...
2020-05-08 15:37:10,601 - INFO - 向 clients 发送模型完毕！
2020-05-08 15:37:10,601 - INFO - 等待 clients 发送模型...
2020-05-08 15:39:45,089 - INFO - 接收 model_Param_Alan_v52.pth 成功
2020-05-08 15:41:54,089 - INFO - 接收 model_Param_John_v52.pth 成功
2020-05-08 15:42:27,722 - INFO - 接收 model_Param_Bob_v52.pth 成功
2020-05-08 15:42:27,722 - INFO - 接收 clients 模型完毕！
2020-05-08 15:42:29,864 - INFO - ***** current epoch is 53 *****
2020-05-08 15:42:31,866 - INFO - 向 clients 发送模型...
2020-05-08 15:42:32,724 - INFO - 向 clients 发送模型完毕！
2020-05-08 15:42:32,724 - INFO - 等待 clients 发送模型...
2020-05-08 15:45:13,522 - INFO - 接收 model_Param_Alan_v53.pth 成功
2020-05-08 15:47:10,214 - INFO - 接收 model_Param_John_v53.pth 成功
2020-05-08 15:47:43,108 - INFO - 接收 model_Param_Bob_v53.pth 成功
2020-05-08 15:47:43,108 - INFO - 接收 clients 模型完毕！
2020-05-08 15:47:45,251 - INFO - ***** current epoch is 54 *****
2020-05-08 15:47:47,253 - INFO - 向 clients 发送模型...
2020-05-08 15:47:48,089 - INFO - 向 clients 发送模型完毕！
2020-05-08 15:47:48,089 - INFO - 等待 clients 发送模型...
2020-05-08 15:50:29,612 - INFO - 接收 model_Param_Alan_v54.pth 成功
2020-05-08 15:52:47,619 - INFO - 接收 model_Param_John_v54.pth 成功
2020-05-08 15:53:28,085 - INFO - 接收 model_Param_Bob_v54.pth 成功
2020-05-08 15:53:28,085 - INFO - 接收 clients 模型完毕！
2020-05-08 15:53:30,275 - INFO - ***** current epoch is 55 *****
2020-05-08 15:53:32,277 - INFO - 向 clients 发送模型...
2020-05-08 15:53:33,158 - INFO - 向 clients 发送模型完毕！
2020-05-08 15:53:33,159 - INFO - 等待 clients 发送模型...
2020-05-08 15:56:14,216 - INFO - 接收 model_Param_Alan_v55.pth 成功
2020-05-08 15:58:18,064 - INFO - 接收 model_Param_John_v55.pth 成功
2020-05-08 15:58:57,619 - INFO - 接收 model_Param_Bob_v55.pth 成功
2020-05-08 15:58:57,619 - INFO - 接收 clients 模型完毕！
2020-05-08 15:58:59,755 - INFO - ***** current epoch is 56 *****
2020-05-08 15:59:01,757 - INFO - 向 clients 发送模型...
2020-05-08 15:59:02,651 - INFO - 向 clients 发送模型完毕！
2020-05-08 15:59:02,651 - INFO - 等待 clients 发送模型...
2020-05-08 16:01:59,864 - INFO - 接收 model_Param_Alan_v56.pth 成功
2020-05-08 16:03:53,338 - INFO - 接收 model_Param_John_v56.pth 成功
2020-05-08 16:04:23,158 - INFO - 接收 model_Param_Bob_v56.pth 成功
2020-05-08 16:04:23,158 - INFO - 接收 clients 模型完毕！
2020-05-08 16:04:25,348 - INFO - ***** current epoch is 57 *****
2020-05-08 16:04:27,350 - INFO - 向 clients 发送模型...
2020-05-08 16:04:28,187 - INFO - 向 clients 发送模型完毕！
2020-05-08 16:04:28,187 - INFO - 等待 clients 发送模型...
2020-05-08 16:07:44,941 - INFO - 接收 model_Param_Alan_v57.pth 成功
2020-05-08 16:09:06,727 - INFO - 接收 model_Param_John_v57.pth 成功
2020-05-08 16:10:24,905 - INFO - 接收 model_Param_Bob_v57.pth 成功
2020-05-08 16:10:24,905 - INFO - 接收 clients 模型完毕！
2020-05-08 16:10:27,042 - INFO - ***** current epoch is 58 *****
2020-05-08 16:10:29,045 - INFO - 向 clients 发送模型...
2020-05-08 16:10:29,914 - INFO - 向 clients 发送模型完毕！
2020-05-08 16:10:29,914 - INFO - 等待 clients 发送模型...
2020-05-08 16:13:09,344 - INFO - 接收 model_Param_Alan_v58.pth 成功
2020-05-08 16:15:20,244 - INFO - 接收 model_Param_John_v58.pth 成功
2020-05-08 16:15:37,315 - INFO - 接收 model_Param_Bob_v58.pth 成功
2020-05-08 16:15:37,315 - INFO - 接收 clients 模型完毕！
2020-05-08 16:15:39,455 - INFO - ***** current epoch is 59 *****
2020-05-08 16:15:41,458 - INFO - 向 clients 发送模型...
2020-05-08 16:15:42,338 - INFO - 向 clients 发送模型完毕！
2020-05-08 16:15:42,338 - INFO - 等待 clients 发送模型...
2020-05-08 16:18:23,221 - INFO - 接收 model_Param_Alan_v59.pth 成功
2020-05-08 16:20:42,061 - INFO - 接收 model_Param_John_v59.pth 成功
2020-05-08 16:21:14,431 - INFO - 接收 model_Param_Bob_v59.pth 成功
2020-05-08 16:21:14,431 - INFO - 接收 clients 模型完毕！
2020-05-08 16:21:16,572 - INFO - ***** current epoch is 60 *****
2020-05-08 16:21:18,575 - INFO - 向 clients 发送模型...
2020-05-08 16:21:19,415 - INFO - 向 clients 发送模型完毕！
2020-05-08 16:21:19,415 - INFO - 等待 clients 发送模型...
2020-05-08 16:23:56,098 - INFO - 接收 model_Param_Alan_v60.pth 成功
2020-05-08 16:26:07,010 - INFO - 接收 model_Param_John_v60.pth 成功
2020-05-08 16:27:07,645 - INFO - 接收 model_Param_Bob_v60.pth 成功
2020-05-08 16:27:07,645 - INFO - 接收 clients 模型完毕！
2020-05-08 16:27:09,786 - INFO - ***** current epoch is 61 *****
2020-05-08 16:27:11,789 - INFO - 向 clients 发送模型...
2020-05-08 16:27:12,587 - INFO - 向 clients 发送模型完毕！
2020-05-08 16:27:12,588 - INFO - 等待 clients 发送模型...
2020-05-08 16:29:52,733 - INFO - 接收 model_Param_Alan_v61.pth 成功
2020-05-08 16:31:54,465 - INFO - 接收 model_Param_John_v61.pth 成功
2020-05-08 16:32:15,132 - INFO - 接收 model_Param_Bob_v61.pth 成功
2020-05-08 16:32:15,132 - INFO - 接收 clients 模型完毕！
2020-05-08 16:32:17,272 - INFO - ***** current epoch is 62 *****
2020-05-08 16:32:19,275 - INFO - 向 clients 发送模型...
2020-05-08 16:32:20,118 - INFO - 向 clients 发送模型完毕！
2020-05-08 16:32:20,118 - INFO - 等待 clients 发送模型...
2020-05-08 16:35:08,153 - INFO - 接收 model_Param_Alan_v62.pth 成功
2020-05-08 16:37:06,862 - INFO - 接收 model_Param_John_v62.pth 成功
2020-05-08 16:37:36,331 - INFO - 接收 model_Param_Bob_v62.pth 成功
2020-05-08 16:37:36,332 - INFO - 接收 clients 模型完毕！
2020-05-08 16:37:38,526 - INFO - ***** current epoch is 63 *****
2020-05-08 16:37:40,528 - INFO - 向 clients 发送模型...
2020-05-08 16:37:41,407 - INFO - 向 clients 发送模型完毕！
2020-05-08 16:37:41,408 - INFO - 等待 clients 发送模型...
2020-05-08 16:40:19,761 - INFO - 接收 model_Param_Alan_v63.pth 成功
2020-05-08 16:42:21,467 - INFO - 接收 model_Param_John_v63.pth 成功
2020-05-08 16:43:01,434 - INFO - 接收 model_Param_Bob_v63.pth 成功
2020-05-08 16:43:01,434 - INFO - 接收 clients 模型完毕！
2020-05-08 16:43:03,568 - INFO - ***** current epoch is 64 *****
2020-05-08 16:43:05,571 - INFO - 向 clients 发送模型...
2020-05-08 16:43:06,437 - INFO - 向 clients 发送模型完毕！
2020-05-08 16:43:06,438 - INFO - 等待 clients 发送模型...
2020-05-08 16:45:49,824 - INFO - 接收 model_Param_Alan_v64.pth 成功
2020-05-08 16:47:52,035 - INFO - 接收 model_Param_John_v64.pth 成功
2020-05-08 16:48:44,865 - INFO - 接收 model_Param_Bob_v64.pth 成功
2020-05-08 16:48:44,865 - INFO - 接收 clients 模型完毕！
2020-05-08 16:48:46,999 - INFO - ***** current epoch is 65 *****
2020-05-08 16:48:49,002 - INFO - 向 clients 发送模型...
2020-05-08 16:48:49,861 - INFO - 向 clients 发送模型完毕！
2020-05-08 16:48:49,862 - INFO - 等待 clients 发送模型...
2020-05-08 16:51:26,786 - INFO - 接收 model_Param_Alan_v65.pth 成功
2020-05-08 16:53:32,480 - INFO - 接收 model_Param_John_v65.pth 成功
2020-05-08 16:54:08,589 - INFO - 接收 model_Param_Bob_v65.pth 成功
2020-05-08 16:54:08,589 - INFO - 接收 clients 模型完毕！
2020-05-08 16:54:10,777 - INFO - ***** current epoch is 66 *****
2020-05-08 16:54:12,779 - INFO - 向 clients 发送模型...
2020-05-08 16:54:13,660 - INFO - 向 clients 发送模型完毕！
2020-05-08 16:54:13,660 - INFO - 等待 clients 发送模型...
2020-05-08 16:56:51,651 - INFO - 接收 model_Param_Alan_v66.pth 成功
2020-05-08 16:58:59,717 - INFO - 接收 model_Param_John_v66.pth 成功
2020-05-08 16:59:52,309 - INFO - 接收 model_Param_Bob_v66.pth 成功
2020-05-08 16:59:52,309 - INFO - 接收 clients 模型完毕！
2020-05-08 16:59:54,450 - INFO - ***** current epoch is 67 *****
2020-05-08 16:59:56,452 - INFO - 向 clients 发送模型...
2020-05-08 16:59:57,367 - INFO - 向 clients 发送模型完毕！
2020-05-08 16:59:57,367 - INFO - 等待 clients 发送模型...
2020-05-08 17:02:30,659 - INFO - 接收 model_Param_Alan_v67.pth 成功
2020-05-08 17:04:45,224 - INFO - 接收 model_Param_John_v67.pth 成功
2020-05-08 17:05:21,733 - INFO - 接收 model_Param_Bob_v67.pth 成功
2020-05-08 17:05:21,733 - INFO - 接收 clients 模型完毕！
2020-05-08 17:05:23,875 - INFO - ***** current epoch is 68 *****
2020-05-08 17:05:25,878 - INFO - 向 clients 发送模型...
2020-05-08 17:05:26,746 - INFO - 向 clients 发送模型完毕！
2020-05-08 17:05:26,746 - INFO - 等待 clients 发送模型...
2020-05-08 17:08:16,215 - INFO - 接收 model_Param_Alan_v68.pth 成功
2020-05-08 17:10:00,014 - INFO - 接收 model_Param_John_v68.pth 成功
2020-05-08 17:11:20,074 - INFO - 接收 model_Param_Bob_v68.pth 成功
2020-05-08 17:11:20,074 - INFO - 接收 clients 模型完毕！
2020-05-08 17:11:22,215 - INFO - ***** current epoch is 69 *****
2020-05-08 17:11:24,217 - INFO - 向 clients 发送模型...
2020-05-08 17:11:25,119 - INFO - 向 clients 发送模型完毕！
2020-05-08 17:11:25,119 - INFO - 等待 clients 发送模型...
2020-05-08 17:13:49,014 - INFO - 接收 model_Param_Alan_v69.pth 成功
2020-05-08 17:16:06,628 - INFO - 接收 model_Param_John_v69.pth 成功
2020-05-08 17:16:53,344 - INFO - 接收 model_Param_Bob_v69.pth 成功
2020-05-08 17:16:53,344 - INFO - 接收 clients 模型完毕！
 110
length of dict: 118
weight sum: 110
client num is 3
packed model param saved at: ./model/merge_model/merge_model_Param_v47.pth
all .pth files removed
model path:./model/merge_model/merge_model_Param_v47.pth will be sent
*** aggregation begin ***
in func, client-X model_weight: 57
in func, client-X model_weight: 79
in func, client-X model_weight: 110
length of dict: 118
weight sum: 110
client num is 3
packed model param saved at: ./model/merge_model/merge_model_Param_v48.pth
all .pth files removed
model path:./model/merge_model/merge_model_Param_v48.pth will be sent
*** aggregation begin ***
in func, client-X model_weight: 22
in func, client-X model_weight: 53
in func, client-X model_weight: 110
length of dict: 118
weight sum: 110
client num is 3
packed model param saved at: ./model/merge_model/merge_model_Param_v49.pth
all .pth files removed
model path:./model/merge_model/merge_model_Param_v49.pth will be sent
*** aggregation begin ***
in func, client-X model_weight: 22
in func, client-X model_weight: 79
in func, client-X model_weight: 110
length of dict: 118
weight sum: 110
client num is 3
packed model param saved at: ./model/merge_model/merge_model_Param_v50.pth
all .pth files removed
model path:./model/merge_model/merge_model_Param_v50.pth will be sent
*** aggregation begin ***
in func, client-X model_weight: 22
in func, client-X model_weight: 53
in func, client-X model_weight: 110
length of dict: 118
weight sum: 110
client num is 3
packed model param saved at: ./model/merge_model/merge_model_Param_v51.pth
all .pth files removed
model path:./model/merge_model/merge_model_Param_v51.pth will be sent
*** aggregation begin ***
in func, client-X model_weight: 22
in func, client-X model_weight: 79
in func, client-X model_weight: 110
length of dict: 118
weight sum: 110
client num is 3
packed model param saved at: ./model/merge_model/merge_model_Param_v52.pth
all .pth files removed
model path:./model/merge_model/merge_model_Param_v52.pth will be sent
*** aggregation begin ***
in func, client-X model_weight: 22
in func, client-X model_weight: 79
in func, client-X model_weight: 110
length of dict: 118
weight sum: 110
client num is 3
packed model param saved at: ./model/merge_model/merge_model_Param_v53.pth
all .pth files removed
model path:./model/merge_model/merge_model_Param_v53.pth will be sent
*** aggregation begin ***
in func, client-X model_weight: 57
in func, client-X model_weight: 88
in func, client-X model_weight: 110
length of dict: 118
weight sum: 110
client num is 3
packed model param saved at: ./model/merge_model/merge_model_Param_v54.pth
all .pth files removed
model path:./model/merge_model/merge_model_Param_v54.pth will be sent
*** aggregation begin ***
in func, client-X model_weight: 31
in func, client-X model_weight: 53
in func, client-X model_weight: 110
length of dict: 118
weight sum: 110
client num is 3
packed model param saved at: ./model/merge_model/merge_model_Param_v55.pth
all .pth files removed
model path:./model/merge_model/merge_model_Param_v55.pth will be sent
*** aggregation begin ***
in func, client-X model_weight: 31
in func, client-X model_weight: 88
in func, client-X model_weight: 110
length of dict: 118
weight sum: 110
client num is 3
packed model param saved at: ./model/merge_model/merge_model_Param_v56.pth
all .pth files removed
model path:./model/merge_model/merge_model_Param_v56.pth will be sent
*** aggregation begin ***
in func, client-X model_weight: 31
in func, client-X model_weight: 53
in func, client-X model_weight: 110
length of dict: 118
weight sum: 110
client num is 3
packed model param saved at: ./model/merge_model/merge_model_Param_v57.pth
all .pth files removed
model path:./model/merge_model/merge_model_Param_v57.pth will be sent
*** aggregation begin ***
in func, client-X model_weight: 22
in func, client-X model_weight: 79
in func, client-X model_weight: 110
length of dict: 118
weight sum: 110
client num is 3
packed model param saved at: ./model/merge_model/merge_model_Param_v58.pth
all .pth files removed
model path:./model/merge_model/merge_model_Param_v58.pth will be sent
*** aggregation begin ***
in func, client-X model_weight: 57
in func, client-X model_weight: 79
in func, client-X model_weight: 110
length of dict: 118
weight sum: 110
client num is 3
packed model param saved at: ./model/merge_model/merge_model_Param_v59.pth
all .pth files removed
model path:./model/merge_model/merge_model_Param_v59.pth will be sent
*** aggregation begin ***
in func, client-X model_weight: 22
in func, client-X model_weight: 79
in func, client-X model_weight: 110
length of dict: 118
weight sum: 110
client num is 3
packed model param saved at: ./model/merge_model/merge_model_Param_v60.pth
all .pth files removed
model path:./model/merge_model/merge_model_Param_v60.pth will be sent
*** aggregation begin ***
in func, client-X model_weight: 57
in func, client-X model_weight: 88
in func, client-X model_weight: 110
length of dict: 118
weight sum: 110
client num is 3
packed model param saved at: ./model/merge_model/merge_model_Param_v61.pth
all .pth files removed
model path:./model/merge_model/merge_model_Param_v61.pth will be sent
*** aggregation begin ***
in func, client-X model_weight: 22
in func, client-X model_weight: 53
in func, client-X model_weight: 110
length of dict: 118
weight sum: 110
client num is 3
packed model param saved at: ./model/merge_model/merge_model_Param_v62.pth
all .pth files removed
model path:./model/merge_model/merge_model_Param_v62.pth will be sent
*** aggregation begin ***
in func, client-X model_weight: 57
in func, client-X model_weight: 79
in func, client-X model_weight: 110
length of dict: 118
weight sum: 110
client num is 3
packed model param saved at: ./model/merge_model/merge_model_Param_v63.pth
all .pth files removed
model path:./model/merge_model/merge_model_Param_v63.pth will be sent
*** aggregation begin ***
in func, client-X model_weight: 22
in func, client-X model_weight: 79
in func, client-X model_weight: 110
length of dict: 118
weight sum: 110
client num is 3
packed model param saved at: ./model/merge_model/merge_model_Param_v64.pth
all .pth files removed
model path:./model/merge_model/merge_model_Param_v64.pth will be sent
*** aggregation begin ***
in func, client-X model_weight: 31
in func, client-X model_weight: 53
in func, client-X model_weight: 110
length of dict: 118
weight sum: 110
client num is 3
packed model param saved at: ./model/merge_model/merge_model_Param_v65.pth
all .pth files removed
model path:./model/merge_model/merge_model_Param_v65.pth will be sent
*** aggregation begin ***
in func, client-X model_weight: 22
in func, client-X model_weight: 79
in func, client-X model_weight: 110
length of dict: 118
weight sum: 110
client num is 3
packed model param saved at: ./model/merge_model/merge_model_Param_v66.pth
all .pth files removed
model path:./model/merge_model/merge_model_Param_v66.pth will be sent
*** aggregation begin ***
in func, client-X model_weight: 22
in func, client-X model_weight: 53
in func, client-X model_weight: 110
length of dict: 118
weight sum: 110
client num is 3
packed model param saved at: ./model/merge_model/merge_model_Param_v67.pth
all .pth files removed
model path:./model/merge_model/merge_model_Param_v67.pth will be sent
*** aggregation begin ***
in func, client-X model_weight: 31
in func, client-X model_weight: 88
in func, client-X model_weight: 110
length of dict: 118
weight sum: 110
client num is 3
packed model param saved at: ./model/merge_model/merge_model_Param_v68.pth
all .pth files removed
model path:./model/merge_model/merge_model_Param_v68.pth will be sent
*** aggregation begin ***
in func, client-X model_weight: 22
in func, client-X model_weight: 53
in func, client-X model_weight: 110
length of dict: 118
weight sum: 110
client num is 3
packed model param saved at: ./model/merge_model/merge_model_Param_v69.pth
all .pth files removed
model path:./model/merge_model/merge_model_Param_v69.pth will be sent
*** aggregation begin ***
in func, client-X model_weight: 57
in func, client-X model_weight: 79
in func, client-X model_weight: 110
length of dict: 118
weight sum: 110
client num is 3
packed model param saved at: ./model/merge_model/merge_model_Param_v70.pth2020-05-08 17:16:55,481 - INFO - ***** current epoch is 70 *****
2020-05-08 17:16:57,485 - INFO - 向 clients 发送模型...
2020-05-08 17:16:58,350 - INFO - 向 clients 发送模型完毕！
2020-05-08 17:16:58,350 - INFO - 等待 clients 发送模型...
2020-05-08 17:19:33,631 - INFO - 接收 model_Param_Alan_v70.pth 成功
2020-05-08 17:21:31,593 - INFO - 接收 model_Param_John_v70.pth 成功
2020-05-08 17:22:01,467 - INFO - 接收 model_Param_Bob_v70.pth 成功
2020-05-08 17:22:01,467 - INFO - 接收 clients 模型完毕！
2020-05-08 17:22:03,603 - INFO - ***** current epoch is 71 *****
2020-05-08 17:22:05,606 - INFO - 向 clients 发送模型...
2020-05-08 17:22:06,491 - INFO - 向 clients 发送模型完毕！
2020-05-08 17:22:06,492 - INFO - 等待 clients 发送模型...
2020-05-08 17:24:44,345 - INFO - 接收 model_Param_Alan_v71.pth 成功
2020-05-08 17:27:02,674 - INFO - 接收 model_Param_John_v71.pth 成功
2020-05-08 17:27:28,660 - INFO - 接收 model_Param_Bob_v71.pth 成功
2020-05-08 17:27:28,661 - INFO - 接收 clients 模型完毕！
2020-05-08 17:27:30,796 - INFO - ***** current epoch is 72 *****
2020-05-08 17:27:32,799 - INFO - 向 clients 发送模型...
2020-05-08 17:27:33,678 - INFO - 向 clients 发送模型完毕！
2020-05-08 17:27:33,679 - INFO - 等待 clients 发送模型...
2020-05-08 17:30:19,280 - INFO - 接收 model_Param_Alan_v72.pth 成功
2020-05-08 17:32:12,234 - INFO - 接收 model_Param_John_v72.pth 成功
2020-05-08 17:33:25,418 - INFO - 接收 model_Param_Bob_v72.pth 成功
2020-05-08 17:33:25,418 - INFO - 接收 clients 模型完毕！
2020-05-08 17:33:27,557 - INFO - ***** current epoch is 73 *****
2020-05-08 17:33:29,560 - INFO - 向 clients 发送模型...
2020-05-08 17:33:30,416 - INFO - 向 clients 发送模型完毕！
2020-05-08 17:33:30,417 - INFO - 等待 clients 发送模型...
2020-05-08 17:36:13,739 - INFO - 接收 model_Param_Alan_v73.pth 成功
2020-05-08 17:38:47,055 - INFO - 接收 model_Param_John_v73.pth 成功
2020-05-08 17:39:02,303 - INFO - 接收 model_Param_Bob_v73.pth 成功
2020-05-08 17:39:02,303 - INFO - 接收 clients 模型完毕！
2020-05-08 17:39:04,453 - INFO - ***** current epoch is 74 *****
2020-05-08 17:39:06,455 - INFO - 向 clients 发送模型...
2020-05-08 17:39:07,297 - INFO - 向 clients 发送模型完毕！
2020-05-08 17:39:07,298 - INFO - 等待 clients 发送模型...
2020-05-08 17:41:40,063 - INFO - 接收 model_Param_Alan_v74.pth 成功
2020-05-08 17:43:32,956 - INFO - 接收 model_Param_John_v74.pth 成功
2020-05-08 17:44:48,590 - INFO - 接收 model_Param_Bob_v74.pth 成功
2020-05-08 17:44:48,590 - INFO - 接收 clients 模型完毕！
2020-05-08 17:44:50,726 - INFO - ***** current epoch is 75 *****
2020-05-08 17:44:52,728 - INFO - 向 clients 发送模型...
2020-05-08 17:44:53,591 - INFO - 向 clients 发送模型完毕！
2020-05-08 17:44:53,591 - INFO - 等待 clients 发送模型...
2020-05-08 17:48:01,264 - INFO - 接收 model_Param_Alan_v75.pth 成功
2020-05-08 17:49:57,473 - INFO - 接收 model_Param_John_v75.pth 成功
2020-05-08 17:50:28,695 - INFO - 接收 model_Param_Bob_v75.pth 成功
2020-05-08 17:50:28,695 - INFO - 接收 clients 模型完毕！
2020-05-08 17:50:30,830 - INFO - ***** current epoch is 76 *****
2020-05-08 17:50:32,833 - INFO - 向 clients 发送模型...
2020-05-08 17:50:33,716 - INFO - 向 clients 发送模型完毕！
2020-05-08 17:50:33,716 - INFO - 等待 clients 发送模型...
2020-05-08 17:53:13,995 - INFO - 接收 model_Param_Alan_v76.pth 成功
2020-05-08 17:55:17,831 - INFO - 接收 model_Param_John_v76.pth 成功
2020-05-08 17:56:21,414 - INFO - 接收 model_Param_Bob_v76.pth 成功
2020-05-08 17:56:21,415 - INFO - 接收 clients 模型完毕！
2020-05-08 17:56:23,552 - INFO - ***** current epoch is 77 *****
2020-05-08 17:56:25,555 - INFO - 向 clients 发送模型...
2020-05-08 17:56:26,454 - INFO - 向 clients 发送模型完毕！
2020-05-08 17:56:26,454 - INFO - 等待 clients 发送模型...
2020-05-08 17:59:17,425 - INFO - 接收 model_Param_Alan_v77.pth 成功
2020-05-08 18:01:18,226 - INFO - 接收 model_Param_John_v77.pth 成功
2020-05-08 18:02:00,020 - INFO - 接收 model_Param_Bob_v77.pth 成功
2020-05-08 18:02:00,020 - INFO - 接收 clients 模型完毕！
2020-05-08 18:02:02,211 - INFO - ***** current epoch is 78 *****
2020-05-08 18:02:04,214 - INFO - 向 clients 发送模型...
2020-05-08 18:02:05,105 - INFO - 向 clients 发送模型完毕！
2020-05-08 18:02:05,105 - INFO - 等待 clients 发送模型...
2020-05-08 18:04:38,083 - INFO - 接收 model_Param_Alan_v78.pth 成功
2020-05-08 18:06:47,722 - INFO - 接收 model_Param_John_v78.pth 成功
2020-05-08 18:07:31,786 - INFO - 接收 model_Param_Bob_v78.pth 成功
2020-05-08 18:07:31,786 - INFO - 接收 clients 模型完毕！
2020-05-08 18:07:33,928 - INFO - ***** current epoch is 79 *****
2020-05-08 18:07:35,931 - INFO - 向 clients 发送模型...
2020-05-08 18:07:36,760 - INFO - 向 clients 发送模型完毕！
2020-05-08 18:07:36,760 - INFO - 等待 clients 发送模型...
2020-05-08 18:10:14,708 - INFO - 接收 model_Param_Alan_v79.pth 成功
2020-05-08 18:12:19,952 - INFO - 接收 model_Param_John_v79.pth 成功
2020-05-08 18:13:27,300 - INFO - 接收 model_Param_Bob_v79.pth 成功
2020-05-08 18:13:27,300 - INFO - 接收 clients 模型完毕！
2020-05-08 18:13:29,443 - INFO - ***** current epoch is 80 *****
2020-05-08 18:13:31,446 - INFO - 向 clients 发送模型...
2020-05-08 18:13:32,263 - INFO - 向 clients 发送模型完毕！
2020-05-08 18:13:32,263 - INFO - 等待 clients 发送模型...
2020-05-08 18:16:12,632 - INFO - 接收 model_Param_Alan_v80.pth 成功
2020-05-08 18:18:35,238 - INFO - 接收 model_Param_John_v80.pth 成功
2020-05-08 18:19:19,645 - INFO - 接收 model_Param_Bob_v80.pth 成功
2020-05-08 18:19:19,645 - INFO - 接收 clients 模型完毕！
2020-05-08 18:19:21,785 - INFO - ***** current epoch is 81 *****
2020-05-08 18:19:23,787 - INFO - 向 clients 发送模型...
2020-05-08 18:19:24,637 - INFO - 向 clients 发送模型完毕！
2020-05-08 18:19:24,638 - INFO - 等待 clients 发送模型...
2020-05-08 18:22:12,575 - INFO - 接收 model_Param_Alan_v81.pth 成功
2020-05-08 18:24:12,270 - INFO - 接收 model_Param_John_v81.pth 成功
2020-05-08 18:25:05,602 - INFO - 接收 model_Param_Bob_v81.pth 成功
2020-05-08 18:25:05,602 - INFO - 接收 clients 模型完毕！
2020-05-08 18:25:07,738 - INFO - ***** current epoch is 82 *****
2020-05-08 18:25:09,741 - INFO - 向 clients 发送模型...
2020-05-08 18:25:10,598 - INFO - 向 clients 发送模型完毕！
2020-05-08 18:25:10,598 - INFO - 等待 clients 发送模型...
2020-05-08 18:27:51,987 - INFO - 接收 model_Param_Alan_v82.pth 成功
2020-05-08 18:30:02,051 - INFO - 接收 model_Param_John_v82.pth 成功
2020-05-08 18:30:29,591 - INFO - 接收 model_Param_Bob_v82.pth 成功
2020-05-08 18:30:29,591 - INFO - 接收 clients 模型完毕！
2020-05-08 18:30:31,732 - INFO - ***** current epoch is 83 *****
2020-05-08 18:30:33,734 - INFO - 向 clients 发送模型...
2020-05-08 18:30:34,625 - INFO - 向 clients 发送模型完毕！
2020-05-08 18:30:34,625 - INFO - 等待 clients 发送模型...
2020-05-08 18:33:14,993 - INFO - 接收 model_Param_Alan_v83.pth 成功
2020-05-08 18:35:23,570 - INFO - 接收 model_Param_John_v83.pth 成功
2020-05-08 18:35:42,184 - INFO - 接收 model_Param_Bob_v83.pth 成功
2020-05-08 18:35:42,184 - INFO - 接收 clients 模型完毕！
2020-05-08 18:35:44,324 - INFO - ***** current epoch is 84 *****
2020-05-08 18:35:46,327 - INFO - 向 clients 发送模型...
2020-05-08 18:35:47,164 - INFO - 向 clients 发送模型完毕！
2020-05-08 18:35:47,164 - INFO - 等待 clients 发送模型...
2020-05-08 18:38:17,194 - INFO - 接收 model_Param_Alan_v84.pth 成功
2020-05-08 18:41:03,994 - INFO - 接收 model_Param_John_v84.pth 成功
2020-05-08 18:41:12,377 - INFO - 接收 model_Param_Bob_v84.pth 成功
2020-05-08 18:41:12,377 - INFO - 接收 clients 模型完毕！
2020-05-08 18:41:14,534 - INFO - ***** current epoch is 85 *****
2020-05-08 18:41:16,536 - INFO - 向 clients 发送模型...
2020-05-08 18:41:17,395 - INFO - 向 clients 发送模型完毕！
2020-05-08 18:41:17,395 - INFO - 等待 clients 发送模型...
2020-05-08 18:44:10,021 - INFO - 接收 model_Param_Alan_v85.pth 成功
2020-05-08 18:46:34,600 - INFO - 接收 model_Param_Bob_v85.pth 成功
2020-05-08 18:46:35,862 - INFO - 接收 model_Param_John_v85.pth 成功
2020-05-08 18:46:35,862 - INFO - 接收 clients 模型完毕！
2020-05-08 18:46:38,021 - INFO - ***** current epoch is 86 *****
2020-05-08 18:46:40,023 - INFO - 向 clients 发送模型...
2020-05-08 18:46:40,933 - INFO - 向 clients 发送模型完毕！
2020-05-08 18:46:40,933 - INFO - 等待 clients 发送模型...
2020-05-08 18:49:32,598 - INFO - 接收 model_Param_Alan_v86.pth 成功
2020-05-08 18:51:14,427 - INFO - 接收 model_Param_John_v86.pth 成功
2020-05-08 18:52:03,106 - INFO - 接收 model_Param_Bob_v86.pth 成功
2020-05-08 18:52:03,106 - INFO - 接收 clients 模型完毕！
2020-05-08 18:52:05,246 - INFO - ***** current epoch is 87 *****
2020-05-08 18:52:07,248 - INFO - 向 clients 发送模型...
2020-05-08 18:52:08,070 - INFO - 向 clients 发送模型完毕！
2020-05-08 18:52:08,070 - INFO - 等待 clients 发送模型...
2020-05-08 18:54:47,666 - INFO - 接收 model_Param_Alan_v87.pth 成功
2020-05-08 18:56:49,919 - INFO - 接收 model_Param_John_v87.pth 成功
2020-05-08 18:57:36,080 - INFO - 接收 model_Param_Bob_v87.pth 成功
2020-05-08 18:57:36,081 - INFO - 接收 clients 模型完毕！
2020-05-08 18:57:38,221 - INFO - ***** current epoch is 88 *****
2020-05-08 18:57:40,224 - INFO - 向 clients 发送模型...
2020-05-08 18:57:41,104 - INFO - 向 clients 发送模型完毕！
2020-05-08 18:57:41,105 - INFO - 等待 clients 发送模型...
2020-05-08 19:00:25,543 - INFO - 接收 model_Param_Alan_v88.pth 成功
2020-05-08 19:02:27,248 - INFO - 接收 model_Param_John_v88.pth 成功
2020-05-08 19:02:55,836 - INFO - 接收 model_Param_Bob_v88.pth 成功
2020-05-08 19:02:55,836 - INFO - 接收 clients 模型完毕！
2020-05-08 19:02:57,978 - INFO - ***** current epoch is 89 *****
2020-05-08 19:02:59,980 - INFO - 向 clients 发送模型...
2020-05-08 19:03:00,822 - INFO - 向 clients 发送模型完毕！
2020-05-08 19:03:00,822 - INFO - 等待 clients 发送模型...
2020-05-08 19:05:36,818 - INFO - 接收 model_Param_Alan_v89.pth 成功
2020-05-08 19:07:41,690 - INFO - 接收 model_Param_John_v89.pth 成功
2020-05-08 19:08:11,184 - INFO - 接收 model_Param_Bob_v89.pth 成功
2020-05-08 19:08:11,184 - INFO - 接收 clients 模型完毕！
2020-05-08 19:08:13,327 - INFO - ***** current epoch is 90 *****
2020-05-08 19:08:15,331 - INFO - 向 clients 发送模型...
2020-05-08 19:08:16,148 - INFO - 向 clients 发送模型完毕！
2020-05-08 19:08:16,148 - INFO - 等待 clients 发送模型...
2020-05-08 19:11:06,187 - INFO - 接收 model_Param_Alan_v90.pth 成功
2020-05-08 19:12:54,627 - INFO - 接收 model_Param_John_v90.pth 成功
2020-05-08 19:13:25,006 - INFO - 接收 model_Param_Bob_v90.pth 成功
2020-05-08 19:13:25,007 - INFO - 接收 clients 模型完毕！
2020-05-08 19:13:27,147 - INFO - ***** current epoch is 91 *****
2020-05-08 19:13:29,151 - INFO - 向 clients 发送模型...
2020-05-08 19:13:30,011 - INFO - 向 clients 发送模型完毕！
2020-05-08 19:13:30,012 - INFO - 等待 clients 发送模型...
2020-05-08 19:16:08,172 - INFO - 接收 model_Param_Alan_v91.pth 成功
2020-05-08 19:18:21,027 - INFO - 接收 model_Param_John_v91.pth 成功
2020-05-08 19:18:50,939 - INFO - 接收 model_Param_Bob_v91.pth 成功
2020-05-08 19:18:50,939 - INFO - 接收 clients 模型完毕！
2020-05-08 19:18:53,081 - INFO - ***** current epoch is 92 *****
2020-05-08 19:18:55,085 - INFO - 向 clients 发送模型...
2020-05-08 19:18:55,913 - INFO - 向 clients 发送模型完毕！
2020-05-08 19:18:55,913 - INFO - 等待 clients 发送模型...
2020-05-08 19:21:29,306 - INFO - 接收 model_Param_Alan_v92.pth 成功
2020-05-08 19:23:35,489 - INFO - 接收 model_Param_John_v92.pth 成功
2020-05-08 19:24:25,551 - INFO - 接收 model_Param_Bob_v92.pth 成功
2020-05-08 19:24:25,552 - INFO - 接收 clients 模型完毕！
2020-05-08 19:24:27,688 - INFO - ***** current epoch is 93 *****
2020-05-08 19:24:29,691 - INFO - 向 clients 发送模型...
2020-05-08 19:24:30,553 - INFO - 向 clients 发送模型完毕！
2020-05-08 19:24:30,553 - INFO - 等待 clients 发送模型...
2020-05-08 19:27:12,353 - INFO - 接收 model_Param_Alan_v93.pth 成功
2020-05-08 19:29:19,243 - INFO - 接收 model_Param_John_v93.pth 成功
2020-05-08 19:30:22,781 - INFO - 接收 model_Param_Bob_v93.pth 成功
2020-05-08 19:30:22,781 - INFO - 接收 clients 模型完毕！

all .pth files removed
model path:./model/merge_model/merge_model_Param_v70.pth will be sent
*** aggregation begin ***
in func, client-X model_weight: 22
in func, client-X model_weight: 53
in func, client-X model_weight: 110
length of dict: 118
weight sum: 110
client num is 3
packed model param saved at: ./model/merge_model/merge_model_Param_v71.pth
all .pth files removed
model path:./model/merge_model/merge_model_Param_v71.pth will be sent
*** aggregation begin ***
in func, client-X model_weight: 57
in func, client-X model_weight: 79
in func, client-X model_weight: 110
length of dict: 118
weight sum: 110
client num is 3
packed model param saved at: ./model/merge_model/merge_model_Param_v72.pth
all .pth files removed
model path:./model/merge_model/merge_model_Param_v72.pth will be sent
*** aggregation begin ***
in func, client-X model_weight: 57
in func, client-X model_weight: 88
in func, client-X model_weight: 110
length of dict: 118
weight sum: 110
client num is 3
packed model param saved at: ./model/merge_model/merge_model_Param_v73.pth
all .pth files removed
model path:./model/merge_model/merge_model_Param_v73.pth will be sent
*** aggregation begin ***
in func, client-X model_weight: 31
in func, client-X model_weight: 88
in func, client-X model_weight: 110
length of dict: 118
weight sum: 110
client num is 3
packed model param saved at: ./model/merge_model/merge_model_Param_v74.pth
all .pth files removed
model path:./model/merge_model/merge_model_Param_v74.pth will be sent
*** aggregation begin ***
in func, client-X model_weight: 31
in func, client-X model_weight: 88
in func, client-X model_weight: 110
length of dict: 118
weight sum: 110
client num is 3
packed model param saved at: ./model/merge_model/merge_model_Param_v75.pth
all .pth files removed
model path:./model/merge_model/merge_model_Param_v75.pth will be sent
*** aggregation begin ***
in func, client-X model_weight: 57
in func, client-X model_weight: 79
in func, client-X model_weight: 110
length of dict: 118
weight sum: 110
client num is 3
packed model param saved at: ./model/merge_model/merge_model_Param_v76.pth
all .pth files removed
model path:./model/merge_model/merge_model_Param_v76.pth will be sent
*** aggregation begin ***
in func, client-X model_weight: 57
in func, client-X model_weight: 79
in func, client-X model_weight: 110
length of dict: 118
weight sum: 110
client num is 3
packed model param saved at: ./model/merge_model/merge_model_Param_v77.pth
all .pth files removed
model path:./model/merge_model/merge_model_Param_v77.pth will be sent
*** aggregation begin ***
in func, client-X model_weight: 31
in func, client-X model_weight: 53
in func, client-X model_weight: 110
length of dict: 118
weight sum: 110
client num is 3
packed model param saved at: ./model/merge_model/merge_model_Param_v78.pth
all .pth files removed
model path:./model/merge_model/merge_model_Param_v78.pth will be sent
*** aggregation begin ***
in func, client-X model_weight: 22
in func, client-X model_weight: 53
in func, client-X model_weight: 110
length of dict: 118
weight sum: 110
client num is 3
packed model param saved at: ./model/merge_model/merge_model_Param_v79.pth
all .pth files removed
model path:./model/merge_model/merge_model_Param_v79.pth will be sent
*** aggregation begin ***
in func, client-X model_weight: 57
in func, client-X model_weight: 88
in func, client-X model_weight: 110
length of dict: 118
weight sum: 110
client num is 3
packed model param saved at: ./model/merge_model/merge_model_Param_v80.pth
all .pth files removed
model path:./model/merge_model/merge_model_Param_v80.pth will be sent
*** aggregation begin ***
in func, client-X model_weight: 57
in func, client-X model_weight: 79
in func, client-X model_weight: 110
length of dict: 118
weight sum: 110
client num is 3
packed model param saved at: ./model/merge_model/merge_model_Param_v81.pth
all .pth files removed
model path:./model/merge_model/merge_model_Param_v81.pth will be sent
*** aggregation begin ***
in func, client-X model_weight: 22
in func, client-X model_weight: 53
in func, client-X model_weight: 110
length of dict: 118
weight sum: 110
client num is 3
packed model param saved at: ./model/merge_model/merge_model_Param_v82.pth
all .pth files removed
model path:./model/merge_model/merge_model_Param_v82.pth will be sent
*** aggregation begin ***
in func, client-X model_weight: 31
in func, client-X model_weight: 53
in func, client-X model_weight: 110
length of dict: 118
weight sum: 110
client num is 3
packed model param saved at: ./model/merge_model/merge_model_Param_v83.pth
all .pth files removed
model path:./model/merge_model/merge_model_Param_v83.pth will be sent
*** aggregation begin ***
in func, client-X model_weight: 22
in func, client-X model_weight: 79
in func, client-X model_weight: 110
length of dict: 118
weight sum: 110
client num is 3
packed model param saved at: ./model/merge_model/merge_model_Param_v84.pth
all .pth files removed
model path:./model/merge_model/merge_model_Param_v84.pth will be sent
*** aggregation begin ***
in func, client-X model_weight: 31
in func, client-X model_weight: 88
in func, client-X model_weight: 110
length of dict: 118
weight sum: 110
client num is 3
packed model param saved at: ./model/merge_model/merge_model_Param_v85.pth
all .pth files removed
model path:./model/merge_model/merge_model_Param_v85.pth will be sent
*** aggregation begin ***
in func, client-X model_weight: 57
in func, client-X model_weight: 88
in func, client-X model_weight: 110
length of dict: 118
weight sum: 110
client num is 3
packed model param saved at: ./model/merge_model/merge_model_Param_v86.pth
all .pth files removed
model path:./model/merge_model/merge_model_Param_v86.pth will be sent
*** aggregation begin ***
in func, client-X model_weight: 22
in func, client-X model_weight: 79
in func, client-X model_weight: 110
length of dict: 118
weight sum: 110
client num is 3
packed model param saved at: ./model/merge_model/merge_model_Param_v87.pth
all .pth files removed
model path:./model/merge_model/merge_model_Param_v87.pth will be sent
*** aggregation begin ***
in func, client-X model_weight: 31
in func, client-X model_weight: 88
in func, client-X model_weight: 110
length of dict: 118
weight sum: 110
client num is 3
packed model param saved at: ./model/merge_model/merge_model_Param_v88.pth
all .pth files removed
model path:./model/merge_model/merge_model_Param_v88.pth will be sent
*** aggregation begin ***
in func, client-X model_weight: 22
in func, client-X model_weight: 53
in func, client-X model_weight: 110
length of dict: 118
weight sum: 110
client num is 3
packed model param saved at: ./model/merge_model/merge_model_Param_v89.pth
all .pth files removed
model path:./model/merge_model/merge_model_Param_v89.pth will be sent
*** aggregation begin ***
in func, client-X model_weight: 31
in func, client-X model_weight: 88
in func, client-X model_weight: 110
length of dict: 118
weight sum: 110
client num is 3
packed model param saved at: ./model/merge_model/merge_model_Param_v90.pth
all .pth files removed
model path:./model/merge_model/merge_model_Param_v90.pth will be sent
*** aggregation begin ***
in func, client-X model_weight: 31
in func, client-X model_weight: 53
in func, client-X model_weight: 110
length of dict: 118
weight sum: 110
client num is 3
packed model param saved at: ./model/merge_model/merge_model_Param_v91.pth
all .pth files removed
model path:./model/merge_model/merge_model_Param_v91.pth will be sent
*** aggregation begin ***
in func, client-X model_weight: 22
in func, client-X model_weight: 53
in func, client-X model_weight: 110
length of dict: 118
weight sum: 110
client num is 3
packed model param saved at: ./model/merge_model/merge_model_Param_v92.pth
all .pth files removed
model path:./model/merge_model/merge_model_Param_v92.pth will be sent
*** aggregation begin ***
in func, client-X model_weight: 22
in func, client-X model_weight: 79
in func, client-X model_weight: 110
length of dict: 118
weight sum: 110
client num is 3
packed model param saved at: ./model/merge_model/merge_model_Param_v93.pth
all .pth files removed
model path:./model/merge_model/merge_model_Param_v93.pth will be sent
*** aggregation begin ***2020-05-08 19:30:24,924 - INFO - ***** current epoch is 94 *****
2020-05-08 19:30:26,927 - INFO - 向 clients 发送模型...
2020-05-08 19:30:27,765 - INFO - 向 clients 发送模型完毕！
2020-05-08 19:30:27,765 - INFO - 等待 clients 发送模型...
2020-05-08 19:32:55,184 - INFO - 接收 model_Param_Alan_v94.pth 成功
2020-05-08 19:35:07,362 - INFO - 接收 model_Param_John_v94.pth 成功
2020-05-08 19:36:07,610 - INFO - 接收 model_Param_Bob_v94.pth 成功
2020-05-08 19:36:07,610 - INFO - 接收 clients 模型完毕！
2020-05-08 19:36:09,752 - INFO - ***** current epoch is 95 *****
2020-05-08 19:36:11,754 - INFO - 向 clients 发送模型...
2020-05-08 19:36:12,616 - INFO - 向 clients 发送模型完毕！
2020-05-08 19:36:12,616 - INFO - 等待 clients 发送模型...
2020-05-08 19:38:47,129 - INFO - 接收 model_Param_Alan_v95.pth 成功
2020-05-08 19:41:21,617 - INFO - 接收 model_Param_John_v95.pth 成功
2020-05-08 19:41:29,885 - INFO - 接收 model_Param_Bob_v95.pth 成功
2020-05-08 19:41:29,885 - INFO - 接收 clients 模型完毕！
2020-05-08 19:41:32,026 - INFO - ***** current epoch is 96 *****
2020-05-08 19:41:34,030 - INFO - 向 clients 发送模型...
2020-05-08 19:41:34,881 - INFO - 向 clients 发送模型完毕！
2020-05-08 19:41:34,882 - INFO - 等待 clients 发送模型...
2020-05-08 19:44:28,853 - INFO - 接收 model_Param_Alan_v96.pth 成功
2020-05-08 19:46:04,592 - INFO - 接收 model_Param_John_v96.pth 成功
2020-05-08 19:46:48,229 - INFO - 接收 model_Param_Bob_v96.pth 成功
2020-05-08 19:46:48,229 - INFO - 接收 clients 模型完毕！
2020-05-08 19:46:50,371 - INFO - ***** current epoch is 97 *****
2020-05-08 19:46:52,373 - INFO - 向 clients 发送模型...
2020-05-08 19:46:53,234 - INFO - 向 clients 发送模型完毕！
2020-05-08 19:46:53,234 - INFO - 等待 clients 发送模型...
2020-05-08 19:49:28,814 - INFO - 接收 model_Param_Alan_v97.pth 成功
2020-05-08 19:51:41,940 - INFO - 接收 model_Param_John_v97.pth 成功
2020-05-08 19:51:58,091 - INFO - 接收 model_Param_Bob_v97.pth 成功
2020-05-08 19:51:58,091 - INFO - 接收 clients 模型完毕！
2020-05-08 19:52:00,230 - INFO - ***** current epoch is 98 *****
2020-05-08 19:52:02,233 - INFO - 向 clients 发送模型...
2020-05-08 19:52:03,090 - INFO - 向 clients 发送模型完毕！
2020-05-08 19:52:03,090 - INFO - 等待 clients 发送模型...
2020-05-08 19:55:02,870 - INFO - 接收 model_Param_Alan_v98.pth 成功
2020-05-08 19:56:47,370 - INFO - 接收 model_Param_John_v98.pth 成功
2020-05-08 19:57:29,625 - INFO - 接收 model_Param_Bob_v98.pth 成功
2020-05-08 19:57:29,625 - INFO - 接收 clients 模型完毕！
2020-05-08 19:57:31,763 - INFO - ***** current epoch is 99 *****
2020-05-08 19:57:33,766 - INFO - 向 clients 发送模型...
2020-05-08 19:57:34,633 - INFO - 向 clients 发送模型完毕！
2020-05-08 19:57:34,633 - INFO - 等待 clients 发送模型...
2020-05-08 20:00:03,396 - INFO - 接收 model_Param_Alan_v99.pth 成功
2020-05-08 20:02:32,009 - INFO - 接收 model_Param_Bob_v99.pth 成功
2020-05-08 20:02:36,378 - INFO - 接收 model_Param_John_v99.pth 成功
2020-05-08 20:02:36,378 - INFO - 接收 clients 模型完毕！
2020-05-08 20:02:38,517 - INFO - ***** current epoch is 100 *****
2020-05-08 20:02:40,520 - INFO - 向 clients 发送模型...
2020-05-08 20:02:41,403 - INFO - 向 clients 发送模型完毕！
2020-05-08 20:02:41,403 - INFO - 等待 clients 发送模型...
2020-05-08 20:05:31,768 - INFO - 接收 model_Param_Alan_v100.pth 成功
2020-05-08 20:07:32,635 - INFO - 接收 model_Param_John_v100.pth 成功
2020-05-08 20:07:51,804 - INFO - 接收 model_Param_Bob_v100.pth 成功
2020-05-08 20:07:51,804 - INFO - 接收 clients 模型完毕！
2020-05-08 20:07:53,960 - INFO - ***** current epoch is 101 *****
2020-05-08 20:07:55,962 - INFO - 向 clients 发送模型...
2020-05-08 20:07:56,827 - INFO - 向 clients 发送模型完毕！
2020-05-08 20:07:56,827 - INFO - 等待 clients 发送模型...
2020-05-08 20:10:28,428 - INFO - 接收 model_Param_Alan_v101.pth 成功
2020-05-08 20:12:49,095 - INFO - 接收 model_Param_John_v101.pth 成功
2020-05-08 20:13:08,494 - INFO - 接收 model_Param_Bob_v101.pth 成功
2020-05-08 20:13:08,494 - INFO - 接收 clients 模型完毕！
2020-05-08 20:13:10,682 - INFO - ***** current epoch is 102 *****
2020-05-08 20:13:12,685 - INFO - 向 clients 发送模型...
2020-05-08 20:13:13,504 - INFO - 向 clients 发送模型完毕！
2020-05-08 20:13:13,504 - INFO - 等待 clients 发送模型...
2020-05-08 20:16:07,544 - INFO - 接收 model_Param_Alan_v102.pth 成功
2020-05-08 20:18:26,935 - INFO - 接收 model_Param_John_v102.pth 成功
2020-05-08 20:18:46,773 - INFO - 接收 model_Param_Bob_v102.pth 成功
2020-05-08 20:18:46,773 - INFO - 接收 clients 模型完毕！
2020-05-08 20:18:48,911 - INFO - ***** current epoch is 103 *****
2020-05-08 20:18:50,913 - INFO - 向 clients 发送模型...
2020-05-08 20:18:51,743 - INFO - 向 clients 发送模型完毕！
2020-05-08 20:18:51,743 - INFO - 等待 clients 发送模型...
2020-05-08 20:21:34,202 - INFO - 接收 model_Param_Alan_v103.pth 成功
2020-05-08 20:23:53,605 - INFO - 接收 model_Param_John_v103.pth 成功
2020-05-08 20:24:14,194 - INFO - 接收 model_Param_Bob_v103.pth 成功
2020-05-08 20:24:14,194 - INFO - 接收 clients 模型完毕！
2020-05-08 20:24:16,336 - INFO - ***** current epoch is 104 *****
2020-05-08 20:24:18,339 - INFO - 向 clients 发送模型...
2020-05-08 20:24:19,243 - INFO - 向 clients 发送模型完毕！
2020-05-08 20:24:19,243 - INFO - 等待 clients 发送模型...
2020-05-08 20:26:51,537 - INFO - 接收 model_Param_Alan_v104.pth 成功
2020-05-08 20:29:02,748 - INFO - 接收 model_Param_John_v104.pth 成功
2020-05-08 20:29:47,036 - INFO - 接收 model_Param_Bob_v104.pth 成功
2020-05-08 20:29:47,036 - INFO - 接收 clients 模型完毕！
2020-05-08 20:29:49,221 - INFO - ***** current epoch is 105 *****
2020-05-08 20:29:51,223 - INFO - 向 clients 发送模型...
2020-05-08 20:29:52,147 - INFO - 向 clients 发送模型完毕！
2020-05-08 20:29:52,147 - INFO - 等待 clients 发送模型...
2020-05-08 20:32:27,373 - INFO - 接收 model_Param_Alan_v105.pth 成功
2020-05-08 20:34:38,182 - INFO - 接收 model_Param_John_v105.pth 成功
2020-05-08 20:35:15,555 - INFO - 接收 model_Param_Bob_v105.pth 成功
2020-05-08 20:35:15,555 - INFO - 接收 clients 模型完毕！
2020-05-08 20:35:17,694 - INFO - ***** current epoch is 106 *****
2020-05-08 20:35:19,697 - INFO - 向 clients 发送模型...
2020-05-08 20:35:20,522 - INFO - 向 clients 发送模型完毕！
2020-05-08 20:35:20,522 - INFO - 等待 clients 发送模型...
2020-05-08 20:38:19,907 - INFO - 接收 model_Param_Alan_v106.pth 成功
2020-05-08 20:40:17,554 - INFO - 接收 model_Param_John_v106.pth 成功
2020-05-08 20:40:38,665 - INFO - 接收 model_Param_Bob_v106.pth 成功
2020-05-08 20:40:38,665 - INFO - 接收 clients 模型完毕！
2020-05-08 20:40:40,806 - INFO - ***** current epoch is 107 *****
2020-05-08 20:40:42,809 - INFO - 向 clients 发送模型...
2020-05-08 20:40:43,651 - INFO - 向 clients 发送模型完毕！
2020-05-08 20:40:43,651 - INFO - 等待 clients 发送模型...
2020-05-08 20:43:18,434 - INFO - 接收 model_Param_Alan_v107.pth 成功
2020-05-08 20:45:19,234 - INFO - 接收 model_Param_John_v107.pth 成功
2020-05-08 20:46:36,740 - INFO - 接收 model_Param_Bob_v107.pth 成功
2020-05-08 20:46:36,740 - INFO - 接收 clients 模型完毕！
2020-05-08 20:46:38,878 - INFO - ***** current epoch is 108 *****
2020-05-08 20:46:40,880 - INFO - 向 clients 发送模型...
2020-05-08 20:46:41,777 - INFO - 向 clients 发送模型完毕！
2020-05-08 20:46:41,777 - INFO - 等待 clients 发送模型...
2020-05-08 20:49:24,153 - INFO - 接收 model_Param_Alan_v108.pth 成功
2020-05-08 20:51:36,264 - INFO - 接收 model_Param_John_v108.pth 成功
2020-05-08 20:52:19,086 - INFO - 接收 model_Param_Bob_v108.pth 成功
2020-05-08 20:52:19,086 - INFO - 接收 clients 模型完毕！
2020-05-08 20:52:21,227 - INFO - ***** current epoch is 109 *****
2020-05-08 20:52:23,229 - INFO - 向 clients 发送模型...
2020-05-08 20:52:24,036 - INFO - 向 clients 发送模型完毕！
2020-05-08 20:52:24,036 - INFO - 等待 clients 发送模型...
2020-05-08 20:55:12,340 - INFO - 接收 model_Param_Alan_v109.pth 成功
2020-05-08 20:57:15,428 - INFO - 接收 model_Param_John_v109.pth 成功
2020-05-08 20:57:40,248 - INFO - 接收 model_Param_Bob_v109.pth 成功
2020-05-08 20:57:40,248 - INFO - 接收 clients 模型完毕！
2020-05-08 20:57:42,387 - INFO - ***** current epoch is 110 *****
2020-05-08 20:57:44,389 - INFO - 向 clients 发送模型...
2020-05-08 20:57:45,252 - INFO - 向 clients 发送模型完毕！
2020-05-08 20:57:45,252 - INFO - 等待 clients 发送模型...
2020-05-08 21:00:29,715 - INFO - 接收 model_Param_Alan_v110.pth 成功
2020-05-08 21:02:43,019 - INFO - 接收 model_Param_John_v110.pth 成功
2020-05-08 21:03:15,850 - INFO - 接收 model_Param_Bob_v110.pth 成功
2020-05-08 21:03:15,851 - INFO - 接收 clients 模型完毕！
2020-05-08 21:03:17,991 - INFO - ***** current epoch is 111 *****
2020-05-08 21:03:19,994 - INFO - 向 clients 发送模型...
2020-05-08 21:03:20,857 - INFO - 向 clients 发送模型完毕！
2020-05-08 21:03:20,857 - INFO - 等待 clients 发送模型...
2020-05-08 21:06:17,039 - INFO - 接收 model_Param_Alan_v111.pth 成功
2020-05-08 21:08:20,158 - INFO - 接收 model_Param_John_v111.pth 成功
2020-05-08 21:08:53,096 - INFO - 接收 model_Param_Bob_v111.pth 成功
2020-05-08 21:08:53,096 - INFO - 接收 clients 模型完毕！
2020-05-08 21:08:55,237 - INFO - ***** current epoch is 112 *****
2020-05-08 21:08:57,240 - INFO - 向 clients 发送模型...
2020-05-08 21:08:58,170 - INFO - 向 clients 发送模型完毕！
2020-05-08 21:08:58,170 - INFO - 等待 clients 发送模型...
2020-05-08 21:11:35,741 - INFO - 接收 model_Param_Alan_v112.pth 成功
2020-05-08 21:13:53,631 - INFO - 接收 model_Param_John_v112.pth 成功
2020-05-08 21:14:47,139 - INFO - 接收 model_Param_Bob_v112.pth 成功
2020-05-08 21:14:47,139 - INFO - 接收 clients 模型完毕！
2020-05-08 21:14:49,280 - INFO - ***** current epoch is 113 *****
2020-05-08 21:14:51,283 - INFO - 向 clients 发送模型...
2020-05-08 21:14:52,102 - INFO - 向 clients 发送模型完毕！
2020-05-08 21:14:52,103 - INFO - 等待 clients 发送模型...
2020-05-08 21:17:38,123 - INFO - 接收 model_Param_Alan_v113.pth 成功
2020-05-08 21:19:28,733 - INFO - 接收 model_Param_John_v113.pth 成功
2020-05-08 21:20:26,359 - INFO - 接收 model_Param_Bob_v113.pth 成功
2020-05-08 21:20:26,359 - INFO - 接收 clients 模型完毕！
2020-05-08 21:20:28,500 - INFO - ***** current epoch is 114 *****
2020-05-08 21:20:30,503 - INFO - 向 clients 发送模型...
2020-05-08 21:20:31,339 - INFO - 向 clients 发送模型完毕！
2020-05-08 21:20:31,339 - INFO - 等待 clients 发送模型...
2020-05-08 21:23:06,339 - INFO - 接收 model_Param_Alan_v114.pth 成功
2020-05-08 21:25:20,680 - INFO - 接收 model_Param_John_v114.pth 成功
2020-05-08 21:25:58,181 - INFO - 接收 model_Param_Bob_v114.pth 成功
2020-05-08 21:25:58,181 - INFO - 接收 clients 模型完毕！
2020-05-08 21:26:00,322 - INFO - ***** current epoch is 115 *****
2020-05-08 21:26:02,325 - INFO - 向 clients 发送模型...
2020-05-08 21:26:03,159 - INFO - 向 clients 发送模型完毕！
2020-05-08 21:26:03,159 - INFO - 等待 clients 发送模型...
2020-05-08 21:28:46,604 - INFO - 接收 model_Param_Alan_v115.pth 成功
2020-05-08 21:30:41,074 - INFO - 接收 model_Param_John_v115.pth 成功
2020-05-08 21:31:18,841 - INFO - 接收 model_Param_Bob_v115.pth 成功
2020-05-08 21:31:18,842 - INFO - 接收 clients 模型完毕！
2020-05-08 21:31:21,003 - INFO - ***** current epoch is 116 *****
2020-05-08 21:31:23,006 - INFO - 向 clients 发送模型...
2020-05-08 21:31:23,833 - INFO - 向 clients 发送模型完毕！
2020-05-08 21:31:23,833 - INFO - 等待 clients 发送模型...
2020-05-08 21:34:03,989 - INFO - 接收 model_Param_Alan_v116.pth 成功
2020-05-08 21:35:55,653 - INFO - 接收 model_Param_John_v116.pth 成功
2020-05-08 21:36:46,037 - INFO - 接收 model_Param_Bob_v116.pth 成功
2020-05-08 21:36:46,037 - INFO - 接收 clients 模型完毕！

in func, client-X model_weight: 57
in func, client-X model_weight: 79
in func, client-X model_weight: 110
length of dict: 118
weight sum: 110
client num is 3
packed model param saved at: ./model/merge_model/merge_model_Param_v94.pth
all .pth files removed
model path:./model/merge_model/merge_model_Param_v94.pth will be sent
*** aggregation begin ***
in func, client-X model_weight: 57
in func, client-X model_weight: 88
in func, client-X model_weight: 110
length of dict: 118
weight sum: 110
client num is 3
packed model param saved at: ./model/merge_model/merge_model_Param_v95.pth
all .pth files removed
model path:./model/merge_model/merge_model_Param_v95.pth will be sent
*** aggregation begin ***
in func, client-X model_weight: 22
in func, client-X model_weight: 53
in func, client-X model_weight: 110
length of dict: 118
weight sum: 110
client num is 3
packed model param saved at: ./model/merge_model/merge_model_Param_v96.pth
all .pth files removed
model path:./model/merge_model/merge_model_Param_v96.pth will be sent
*** aggregation begin ***
in func, client-X model_weight: 57
in func, client-X model_weight: 79
in func, client-X model_weight: 110
length of dict: 118
weight sum: 110
client num is 3
packed model param saved at: ./model/merge_model/merge_model_Param_v97.pth
all .pth files removed
model path:./model/merge_model/merge_model_Param_v97.pth will be sent
*** aggregation begin ***
in func, client-X model_weight: 31
in func, client-X model_weight: 88
in func, client-X model_weight: 110
length of dict: 118
weight sum: 110
client num is 3
packed model param saved at: ./model/merge_model/merge_model_Param_v98.pth
all .pth files removed
model path:./model/merge_model/merge_model_Param_v98.pth will be sent
*** aggregation begin ***
in func, client-X model_weight: 57
in func, client-X model_weight: 88
in func, client-X model_weight: 110
length of dict: 118
weight sum: 110
client num is 3
packed model param saved at: ./model/merge_model/merge_model_Param_v99.pth
all .pth files removed
model path:./model/merge_model/merge_model_Param_v99.pth will be sent
*** aggregation begin ***
in func, client-X model_weight: 57
in func, client-X model_weight: 88
in func, client-X model_weight: 110
length of dict: 118
weight sum: 110
client num is 3
packed model param saved at: ./model/merge_model/merge_model_Param_v100.pth
all .pth files removed
model path:./model/merge_model/merge_model_Param_v100.pth will be sent
*** aggregation begin ***
in func, client-X model_weight: 31
in func, client-X model_weight: 53
in func, client-X model_weight: 110
length of dict: 118
weight sum: 110
client num is 3
packed model param saved at: ./model/merge_model/merge_model_Param_v101.pth
all .pth files removed
model path:./model/merge_model/merge_model_Param_v101.pth will be sent
*** aggregation begin ***
in func, client-X model_weight: 31
in func, client-X model_weight: 88
in func, client-X model_weight: 110
length of dict: 118
weight sum: 110
client num is 3
packed model param saved at: ./model/merge_model/merge_model_Param_v102.pth
all .pth files removed
model path:./model/merge_model/merge_model_Param_v102.pth will be sent
*** aggregation begin ***
in func, client-X model_weight: 31
in func, client-X model_weight: 88
in func, client-X model_weight: 110
length of dict: 118
weight sum: 110
client num is 3
packed model param saved at: ./model/merge_model/merge_model_Param_v103.pth
all .pth files removed
model path:./model/merge_model/merge_model_Param_v103.pth will be sent
*** aggregation begin ***
in func, client-X model_weight: 57
in func, client-X model_weight: 79
in func, client-X model_weight: 110
length of dict: 118
weight sum: 110
client num is 3
packed model param saved at: ./model/merge_model/merge_model_Param_v104.pth
all .pth files removed
model path:./model/merge_model/merge_model_Param_v104.pth will be sent
*** aggregation begin ***
in func, client-X model_weight: 31
in func, client-X model_weight: 53
in func, client-X model_weight: 110
length of dict: 118
weight sum: 110
client num is 3
packed model param saved at: ./model/merge_model/merge_model_Param_v105.pth
all .pth files removed
model path:./model/merge_model/merge_model_Param_v105.pth will be sent
*** aggregation begin ***
in func, client-X model_weight: 57
in func, client-X model_weight: 79
in func, client-X model_weight: 110
length of dict: 118
weight sum: 110
client num is 3
packed model param saved at: ./model/merge_model/merge_model_Param_v106.pth
all .pth files removed
model path:./model/merge_model/merge_model_Param_v106.pth will be sent
*** aggregation begin ***
in func, client-X model_weight: 57
in func, client-X model_weight: 79
in func, client-X model_weight: 110
length of dict: 118
weight sum: 110
client num is 3
packed model param saved at: ./model/merge_model/merge_model_Param_v107.pth
all .pth files removed
model path:./model/merge_model/merge_model_Param_v107.pth will be sent
*** aggregation begin ***
in func, client-X model_weight: 22
in func, client-X model_weight: 53
in func, client-X model_weight: 110
length of dict: 118
weight sum: 110
client num is 3
packed model param saved at: ./model/merge_model/merge_model_Param_v108.pth
all .pth files removed
model path:./model/merge_model/merge_model_Param_v108.pth will be sent
*** aggregation begin ***
in func, client-X model_weight: 57
in func, client-X model_weight: 79
in func, client-X model_weight: 110
length of dict: 118
weight sum: 110
client num is 3
packed model param saved at: ./model/merge_model/merge_model_Param_v109.pth
all .pth files removed
model path:./model/merge_model/merge_model_Param_v109.pth will be sent
*** aggregation begin ***
in func, client-X model_weight: 31
in func, client-X model_weight: 53
in func, client-X model_weight: 110
length of dict: 118
weight sum: 110
client num is 3
packed model param saved at: ./model/merge_model/merge_model_Param_v110.pth
all .pth files removed
model path:./model/merge_model/merge_model_Param_v110.pth will be sent
*** aggregation begin ***
in func, client-X model_weight: 22
in func, client-X model_weight: 79
in func, client-X model_weight: 110
length of dict: 118
weight sum: 110
client num is 3
packed model param saved at: ./model/merge_model/merge_model_Param_v111.pth
all .pth files removed
model path:./model/merge_model/merge_model_Param_v111.pth will be sent
*** aggregation begin ***
in func, client-X model_weight: 31
in func, client-X model_weight: 53
in func, client-X model_weight: 110
length of dict: 118
weight sum: 110
client num is 3
packed model param saved at: ./model/merge_model/merge_model_Param_v112.pth
all .pth files removed
model path:./model/merge_model/merge_model_Param_v112.pth will be sent
*** aggregation begin ***
in func, client-X model_weight: 31
in func, client-X model_weight: 53
in func, client-X model_weight: 110
length of dict: 118
weight sum: 110
client num is 3
packed model param saved at: ./model/merge_model/merge_model_Param_v113.pth
all .pth files removed
model path:./model/merge_model/merge_model_Param_v113.pth will be sent
*** aggregation begin ***
in func, client-X model_weight: 57
in func, client-X model_weight: 88
in func, client-X model_weight: 110
length of dict: 118
weight sum: 110
client num is 3
packed model param saved at: ./model/merge_model/merge_model_Param_v114.pth
all .pth files removed
model path:./model/merge_model/merge_model_Param_v114.pth will be sent
*** aggregation begin ***
in func, client-X model_weight: 57
in func, client-X model_weight: 79
in func, client-X model_weight: 110
length of dict: 118
weight sum: 110
client num is 3
packed model param saved at: ./model/merge_model/merge_model_Param_v115.pth
all .pth files removed
model path:./model/merge_model/merge_model_Param_v115.pth will be sent
*** aggregation begin ***
in func, client-X model_weight: 31
in func, client-X model_weight: 53
in func, client-X model_weight: 110
length of dict: 118
weight sum: 110
client num is 3
packed model param saved at: ./model/merge_model/merge_model_Param_v116.pth
all .pth files removed
model path:./model/merge_model/merge_model_Param_v116.pth will be sent
*** aggregation begin ***
in func, client-X model_weight: 31
in func, client-X model_weight:2020-05-08 21:36:48,176 - INFO - ***** current epoch is 117 *****
2020-05-08 21:36:50,178 - INFO - 向 clients 发送模型...
2020-05-08 21:36:51,027 - INFO - 向 clients 发送模型完毕！
2020-05-08 21:36:51,028 - INFO - 等待 clients 发送模型...
2020-05-08 21:39:42,463 - INFO - 接收 model_Param_Alan_v117.pth 成功
2020-05-08 21:41:42,685 - INFO - 接收 model_Param_John_v117.pth 成功
2020-05-08 21:42:25,513 - INFO - 接收 model_Param_Bob_v117.pth 成功
2020-05-08 21:42:25,513 - INFO - 接收 clients 模型完毕！
2020-05-08 21:42:27,664 - INFO - ***** current epoch is 118 *****
2020-05-08 21:42:29,666 - INFO - 向 clients 发送模型...
2020-05-08 21:42:30,505 - INFO - 向 clients 发送模型完毕！
2020-05-08 21:42:30,505 - INFO - 等待 clients 发送模型...
2020-05-08 21:45:04,319 - INFO - 接收 model_Param_Alan_v118.pth 成功
2020-05-08 21:47:16,559 - INFO - 接收 model_Param_John_v118.pth 成功
2020-05-08 21:47:45,749 - INFO - 接收 model_Param_Bob_v118.pth 成功
2020-05-08 21:47:45,750 - INFO - 接收 clients 模型完毕！
2020-05-08 21:47:47,886 - INFO - ***** current epoch is 119 *****
2020-05-08 21:47:49,890 - INFO - 向 clients 发送模型...
2020-05-08 21:47:50,739 - INFO - 向 clients 发送模型完毕！
2020-05-08 21:47:50,740 - INFO - 等待 clients 发送模型...
2020-05-08 21:50:27,338 - INFO - 接收 model_Param_Alan_v119.pth 成功
2020-05-08 21:52:38,341 - INFO - 接收 model_Param_John_v119.pth 成功
2020-05-08 21:53:44,835 - INFO - 接收 model_Param_Bob_v119.pth 成功
2020-05-08 21:53:44,835 - INFO - 接收 clients 模型完毕！
2020-05-08 21:53:46,971 - INFO - 训练完成！
2020-05-08 21:53:46,972 - INFO - server 退出...
 88
in func, client-X model_weight: 110
length of dict: 118
weight sum: 110
client num is 3
packed model param saved at: ./model/merge_model/merge_model_Param_v117.pth
all .pth files removed
model path:./model/merge_model/merge_model_Param_v117.pth will be sent
*** aggregation begin ***
in func, client-X model_weight: 22
in func, client-X model_weight: 53
in func, client-X model_weight: 110
length of dict: 118
weight sum: 110
client num is 3
packed model param saved at: ./model/merge_model/merge_model_Param_v118.pth
all .pth files removed
model path:./model/merge_model/merge_model_Param_v118.pth will be sent
*** aggregation begin ***
in func, client-X model_weight: 57
in func, client-X model_weight: 88
in func, client-X model_weight: 110
length of dict: 118
weight sum: 110
client num is 3
packed model param saved at: ./model/merge_model/merge_model_Param_v119.pth
all .pth files removed
model path:./model/merge_model/merge_model_Param_v119.pth will be sent
*** aggregation begin ***
in func, client-X model_weight: 22
in func, client-X model_weight: 79
in func, client-X model_weight: 110
length of dict: 118
weight sum: 110
client num is 3
packed model param saved at: ./model/merge_model/merge_model_Param_v120.pth
all .pth files removed
